Listening on Port 3000
Listening on Port 3000
Listening on Port 3000
Listening on Port 3000
Listening on Port 3000
Listening on Port 3000
Listening on Port 3000
Listening on Port 3000
Listening on Port 3000
Listening on Port 3000
Listening on Port 3000
Listening on Port 3000
Listening on Port 3000
Listening on Port 3000
Listening on Port 3000
Listening on Port 3000
Listening on Port 3000
Listening on Port 3000
Listening on Port 3000
Listening on Port 3000
Listening on Port 3000
Listening on Port 3000
Listening on Port 3000
Listening on Port 3000
Listening on Port 3000
Listening on Port 3000
Listening on Port 3000
Listening on Port 3000
Listening on Port 3000
Listening on Port 3000
Listening on Port 3000
Listening on Port 3000
Listening on Port 3000
Listening on Port 3000
Listening on Port 3000
Listening on Port 3000
Listening on Port 3000
Listening on Port 3000
Listening on Port 3000
Listening on Port 3000
Listening on Port 3000
Listening on Port 3000
Listening on Port 3000
Listening on Port 3000
Listening on Port 3000
Listening on Port 3000
Listening on Port 3000
Listening on Port 3000
Listening on Port 3000
Listening on Port 3000
Listening on Port 3000
Listening on Port 3000
Listening on Port 3000
Listening on Port 3000
Listening on Port 3000
Listening on Port 3000
Listening on Port 3000
Listening on Port 3000
Listening on Port 3000
Listening on Port 3000
Listening on Port 3000
Listening on Port 3000
Listening on Port 3000
Listening on Port 3000
Listening on Port 3000
Listening on Port 3000
Listening on Port 3000
Listening on Port 3000
Listening on Port 3000
Listening on Port 3000
Listening on Port 3000
Listening on Port 3000
Listening on Port 3000
Listening on Port 3000
Listening on Port 3000
Listening on Port 3000
Listening on Port 3000
Listening on Port 3000
Listening on Port 3000
Listening on Port 3000
Listening on Port 3000
Listening on Port 3000
Listening on Port 3000
Listening on Port 3000
Listening on Port 3000
Listening on Port 3000
Listening on Port 3000
Listening on Port 3000
Listening on Port 3000
Listening on Port 3000
Listening on Port 3000
Listening on Port 3000
Listening on Port 3000
Listening on Port 3000
Listening on Port 3000
Listening on Port 3000
Listening on Port 3000
Listening on Port 3000
Listening on Port 3000
Listening on Port 3000
Listening on Port 3000
Listening on Port 3000
Listening on Port 3000
Listening on Port 3000
Listening on Port 3000
Listening on Port 3000
Listening on Port 3000
Listening on Port 3000
Listening on Port 3000
Listening on Port 3000
Listening on Port 3000
Listening on Port 3000
Listening on Port 3000
Listening on Port 3000
Listening on Port 3000
Listening on Port 3000
Listening on Port 3000
Listening on Port 3000
Listening on Port 3000
Listening on Port 3000
Listening on Port 3000
Listening on Port 3000
Listening on Port 3000
Listening on Port 3000
Listening on Port 3000
Listening on Port 3000
Listening on Port 3000
Listening on Port 3000
Listening on Port 3000
Listening on Port 3000
Listening on Port 3000
Listening on Port 3000
Listening on Port 3000
Listening on Port 3000
Listening on Port 3000
Listening on Port 3000
Listening on Port 3000
Listening on Port 3000
Listening on Port 3000
Listening on Port 3000
Listening on Port 3000
Listening on Port 3000
Listening on Port 3000
Listening on Port 3000
Listening on Port 3000
Listening on Port 3000
Listening on Port 3000
Listening on Port 3000
Listening on Port 3000
Listening on Port 3000
Listening on Port 3000
Listening on Port 3000
Listening on Port 3000
Listening on Port 3000
Listening on Port 3000
Listening on Port 3000
Listening on Port 3000
Listening on Port 3000
Listening on Port 3000
Listening on Port 3000
Listening on Port 3000
Listening on Port 3000
Listening on Port 3000
Listening on Port 3000
Listening on Port 3000
Listening on Port 3000
Listening on Port 3000
Listening on Port 3000
Listening on Port 3000
Listening on Port 3000
Listening on Port 3000
Listening on Port 3000
Listening on Port 3000
Listening on Port 3000
Listening on Port 3000
Listening on Port 3000
Listening on Port 3000
Listening on Port 3000
Listening on Port 3000
Listening on Port 3000
Listening on Port 3000
Listening on Port 3000
Listening on Port 3000
Listening on Port 3000
Listening on Port 3000
Listening on Port 3000
Listening on Port 3000
Listening on Port 3000
Listening on Port 3000
Listening on Port 3000
Listening on Port 3000
Listening on Port 3000
Listening on Port 3000
Listening on Port 3000
Listening on Port 3000
Listening on Port 3000
Response:
{ id: '12682d3d-cfc6-49df-8091-9020bc908177', recipients: 1 }
Response:
{ id: '',
  recipients: 0,
  errors: [ 'All included players are not subscribed' ] }
Response:
{ id: '958dba9c-c532-40c6-b155-5cac3760a46e', recipients: 1 }
Response:
{ id: '',
  recipients: 0,
  errors: [ 'All included players are not subscribed' ] }
Response:
{ id: '',
  recipients: 0,
  errors: [ 'All included players are not subscribed' ] }
Response:
{ id: '0716e2b2-632b-4e6c-bd0b-2806d81a88e0', recipients: 2 }
Response:
{ id: '',
  recipients: 0,
  errors: [ 'All included players are not subscribed' ] }
Response:
{ id: '863acbcc-ae5c-4326-94d4-b5b11292b973', recipients: 1 }
Response:
{ id: '1d7fa0fa-9841-4c05-8770-43fa70d0a2ee', recipients: 1 }
Response:
{ id: '',
  recipients: 0,
  errors: [ 'All included players are not subscribed' ] }
Response:
{ id: '',
  recipients: 0,
  errors: [ 'All included players are not subscribed' ] }
Response:
{ id: '7c20bb4e-6739-4246-a555-cd3f58f46118', recipients: 1 }
Response:
{ id: '',
  recipients: 0,
  errors: [ 'All included players are not subscribed' ] }
Response:
{ id: '10809b1f-f566-4651-a370-6e9741d8e992', recipients: 1 }
Response:
{ id: '',
  recipients: 0,
  errors: [ 'All included players are not subscribed' ] }
Response:
{ id: '4122a16e-258e-4dc5-8aab-68453e585d3d', recipients: 2 }
Response:
{ id: '',
  recipients: 0,
  errors: [ 'All included players are not subscribed' ] }
Response:
{ id: '',
  recipients: 0,
  errors: [ 'All included players are not subscribed' ] }
Response:
{ id: '',
  recipients: 0,
  errors: [ 'All included players are not subscribed' ] }
Response:
{ id: '',
  recipients: 0,
  errors: [ 'All included players are not subscribed' ] }
Response:
{ id: '',
  recipients: 0,
  errors: [ 'All included players are not subscribed' ] }
Response:
{ id: '',
  recipients: 0,
  errors: [ 'All included players are not subscribed' ] }
Response:
{ id: '',
  recipients: 0,
  errors: [ 'All included players are not subscribed' ] }
Response:
{ id: '',
  recipients: 0,
  errors: [ 'All included players are not subscribed' ] }
Listening on Port 3000
Response:
{ id: '',
  recipients: 0,
  errors: [ 'All included players are not subscribed' ] }
Response:
{ id: '',
  recipients: 0,
  errors: [ 'All included players are not subscribed' ] }
Response:
{ id: '',
  recipients: 0,
  errors: [ 'All included players are not subscribed' ] }
Response:
{ id: '',
  recipients: 0,
  errors: [ 'All included players are not subscribed' ] }
Response:
{ id: '',
  recipients: 0,
  errors: [ 'All included players are not subscribed' ] }
Response:
{ id: '',
  recipients: 0,
  errors: [ 'All included players are not subscribed' ] }
Response:
{ id: '',
  recipients: 0,
  errors: [ 'All included players are not subscribed' ] }
Response:
{ id: '',
  recipients: 0,
  errors: [ 'All included players are not subscribed' ] }
Listening on Port 3000
Listening on Port 3000
Listening on Port 3000
Response:
{ id: '',
  recipients: 0,
  errors: [ 'All included players are not subscribed' ] }
Response:
{ id: '',
  recipients: 0,
  errors: [ 'All included players are not subscribed' ] }
Response:
{ id: '',
  recipients: 0,
  errors: [ 'All included players are not subscribed' ] }
Response:
{ id: '',
  recipients: 0,
  errors: [ 'All included players are not subscribed' ] }
Response:
{ id: '',
  recipients: 0,
  errors: [ 'All included players are not subscribed' ] }
Response:
{ id: '',
  recipients: 0,
  errors: [ 'All included players are not subscribed' ] }
Response:
{ id: '',
  recipients: 0,
  errors: [ 'All included players are not subscribed' ] }
Response:
{ id: '',
  recipients: 0,
  errors: [ 'All included players are not subscribed' ] }
Response:
{ id: '',
  recipients: 0,
  errors: [ 'All included players are not subscribed' ] }
Response:
{ id: '',
  recipients: 0,
  errors: [ 'All included players are not subscribed' ] }
Response:
{ id: '',
  recipients: 0,
  errors: [ 'All included players are not subscribed' ] }
Response:
{ id: '',
  recipients: 0,
  errors: [ 'All included players are not subscribed' ] }
Response:
{ id: '',
  recipients: 0,
  errors: [ 'All included players are not subscribed' ] }
Response:
{ id: '',
  recipients: 0,
  errors: [ 'All included players are not subscribed' ] }
Response:
{ id: '',
  recipients: 0,
  errors: [ 'All included players are not subscribed' ] }
Response:
{ id: '',
  recipients: 0,
  errors: [ 'All included players are not subscribed' ] }
Response:
{ id: '',
  recipients: 0,
  errors: [ 'All included players are not subscribed' ] }
Response:
{ id: '',
  recipients: 0,
  errors: [ 'All included players are not subscribed' ] }
Response:
{ id: '',
  recipients: 0,
  errors: [ 'All included players are not subscribed' ] }
Response:
{ id: '',
  recipients: 0,
  errors: [ 'All included players are not subscribed' ] }
Response:
{ id: '',
  recipients: 0,
  errors: [ 'All included players are not subscribed' ] }
Response:
{ id: '',
  recipients: 0,
  errors: [ 'All included players are not subscribed' ] }
Response:
{ id: '',
  recipients: 0,
  errors: [ 'All included players are not subscribed' ] }
Response:
{ id: '',
  recipients: 0,
  errors: [ 'All included players are not subscribed' ] }
Response:
{ id: '',
  recipients: 0,
  errors: [ 'All included players are not subscribed' ] }
Response:
{ id: '',
  recipients: 0,
  errors: [ 'All included players are not subscribed' ] }
Response:
{ id: '',
  recipients: 0,
  errors: [ 'All included players are not subscribed' ] }
Response:
{ id: '',
  recipients: 0,
  errors: [ 'All included players are not subscribed' ] }
Response:
{ id: '',
  recipients: 0,
  errors: [ 'All included players are not subscribed' ] }
Response:
{ id: '',
  recipients: 0,
  errors: [ 'All included players are not subscribed' ] }
Response:
{ id: '',
  recipients: 0,
  errors: [ 'All included players are not subscribed' ] }
Response:
{ id: '',
  recipients: 0,
  errors: [ 'All included players are not subscribed' ] }
Response:
{ id: '',
  recipients: 0,
  errors: [ 'All included players are not subscribed' ] }
Response:
{ id: '',
  recipients: 0,
  errors: [ 'All included players are not subscribed' ] }
Response:
{ id: '',
  recipients: 0,
  errors: [ 'All included players are not subscribed' ] }
Response:
{ id: '',
  recipients: 0,
  errors: [ 'All included players are not subscribed' ] }
Response:
{ id: '',
  recipients: 0,
  errors: [ 'All included players are not subscribed' ] }
Response:
{ id: '',
  recipients: 0,
  errors: [ 'All included players are not subscribed' ] }
Response:
{ id: '',
  recipients: 0,
  errors: [ 'All included players are not subscribed' ] }
Response:
{ id: '',
  recipients: 0,
  errors: [ 'All included players are not subscribed' ] }
Response:
{ id: '',
  recipients: 0,
  errors: [ 'All included players are not subscribed' ] }
Response:
{ id: '4ff79114-03e7-49ed-97e2-7543eebb21a4', recipients: 1 }
Response:
{ id: '',
  recipients: 0,
  errors: [ 'All included players are not subscribed' ] }
Response:
{ id: '',
  recipients: 0,
  errors: [ 'All included players are not subscribed' ] }
Listening on Port 3000
Listening on Port 3000
Listening on Port 3000
Response:
{ id: '15d00738-d6ee-49ff-98e7-34f72af697e3', recipients: 2 }
Response:
{ id: '',
  recipients: 0,
  errors: [ 'All included players are not subscribed' ] }
Response:
{ id: '',
  recipients: 0,
  errors: [ 'All included players are not subscribed' ] }
Response:
{ id: '',
  recipients: 0,
  errors: [ 'All included players are not subscribed' ] }
Response:
{ id: '',
  recipients: 0,
  errors: [ 'All included players are not subscribed' ] }
Response:
{ id: '',
  recipients: 0,
  errors: [ 'All included players are not subscribed' ] }
Listening on Port 3000
Response:
{ id: '',
  recipients: 0,
  errors: [ 'All included players are not subscribed' ] }
Response:
{ id: '7ee3295f-56f4-44dd-8a0c-db6df7c7f249', recipients: 1 }
Listening on Port 3000
Response:
{ id: 'b28a456f-19d4-449a-9e60-a95927348e57', recipients: 1 }
Response:
{ id: '',
  recipients: 0,
  errors: [ 'All included players are not subscribed' ] }
Response:
{ id: '',
  recipients: 0,
  errors: [ 'All included players are not subscribed' ] }
Response:
{ id: '095767bc-f11f-4dda-8c02-b77fb44a806d', recipients: 1 }
Response:
{ id: '',
  recipients: 0,
  errors: [ 'All included players are not subscribed' ] }
Response:
{ id: 'd0d45719-f526-4396-984e-8cd4da0531b9', recipients: 1 }
Response:
{ id: '',
  recipients: 0,
  errors: [ 'All included players are not subscribed' ] }
Response:
{ id: 'b2db2eb9-092a-45fb-a705-701f312ccde4', recipients: 2 }
Response:
{ id: '',
  recipients: 0,
  errors: [ 'All included players are not subscribed' ] }
Response:
{ id: 'd2764b20-4e09-4a27-a2e6-8d23cf2bfff5', recipients: 1 }
Response:
{ id: '',
  recipients: 0,
  errors: [ 'All included players are not subscribed' ] }
Response:
{ id: 'e980df20-8c56-4b1b-bb84-1d9a2a3465d8', recipients: 1 }
Response:
{ id: '',
  recipients: 0,
  errors: [ 'All included players are not subscribed' ] }
Response:
{ id: '',
  recipients: 0,
  errors: [ 'All included players are not subscribed' ] }
Response:
{ id: '38f6b391-86fb-42c9-9607-614840b8501f', recipients: 1 }
Response:
{ id: '',
  recipients: 0,
  errors: [ 'All included players are not subscribed' ] }
Response:
{ id: '',
  recipients: 0,
  errors: [ 'All included players are not subscribed' ] }
Response:
{ id: 'b1e7fa5f-99e6-4f87-a3b8-f5cd30964c8e', recipients: 2 }
Response:
{ id: '',
  recipients: 0,
  errors: [ 'All included players are not subscribed' ] }
Response:
{ id: 'c8b5f4fc-3477-4f53-9d61-cafc5affa780', recipients: 1 }
Response:
{ id: '',
  recipients: 0,
  errors: [ 'All included players are not subscribed' ] }
Response:
{ id: '313268a5-69d9-4a50-97cb-2837a28188bd', recipients: 1 }
Response:
{ id: '',
  recipients: 0,
  errors: [ 'All included players are not subscribed' ] }
Response:
{ id: 'ff9a1c8f-7148-4b3c-8dfc-7d40910b3f11', recipients: 1 }
Response:
{ id: '',
  recipients: 0,
  errors: [ 'All included players are not subscribed' ] }
Response:
{ id: '65ac8d1e-1a38-40ba-b446-8076fda88301', recipients: 1 }
Response:
{ id: '',
  recipients: 0,
  errors: [ 'All included players are not subscribed' ] }
Response:
{ id: '24fe53e0-da6a-44eb-b2c4-0b3f0f0c6ea6', recipients: 1 }
Response:
{ id: '',
  recipients: 0,
  errors: [ 'All included players are not subscribed' ] }
Response:
{ id: 'c624eb1d-d40b-428e-8afe-e41559e191c0', recipients: 1 }
Response:
{ id: '',
  recipients: 0,
  errors: [ 'All included players are not subscribed' ] }
Response:
{ id: '',
  recipients: 0,
  errors: [ 'All included players are not subscribed' ] }
Response:
{ id: '',
  recipients: 0,
  errors: [ 'All included players are not subscribed' ] }
Response:
{ id: '7d69400e-cb4a-4476-b404-a1d691bcf218', recipients: 1 }
Response:
{ id: '',
  recipients: 0,
  errors: [ 'All included players are not subscribed' ] }
Response:
{ id: '7a89d848-6be8-4898-9025-6ddceafbe6b7', recipients: 1 }
Response:
{ id: '',
  recipients: 0,
  errors: [ 'All included players are not subscribed' ] }
Response:
{ id: '3ea4ac8d-2a59-4674-bc2d-1fb0d8b5ff71', recipients: 1 }
Response:
{ id: '',
  recipients: 0,
  errors: [ 'All included players are not subscribed' ] }
Response:
{ id: 'a877be77-6aff-4d00-8594-6cefa58dc85a', recipients: 1 }
Response:
{ id: '',
  recipients: 0,
  errors: [ 'All included players are not subscribed' ] }
Response:
{ id: '',
  recipients: 0,
  errors: [ 'All included players are not subscribed' ] }
Response:
{ id: '',
  recipients: 0,
  errors: [ 'All included players are not subscribed' ] }
Response:
{ id: '',
  recipients: 0,
  errors: [ 'All included players are not subscribed' ] }
Response:
{ id: '',
  recipients: 0,
  errors: [ 'All included players are not subscribed' ] }
Response:
{ id: '',
  recipients: 0,
  errors: [ 'All included players are not subscribed' ] }
Response:
{ id: '',
  recipients: 0,
  errors: [ 'All included players are not subscribed' ] }
Response:
{ id: '',
  recipients: 0,
  errors: [ 'All included players are not subscribed' ] }
Response:
{ id: '',
  recipients: 0,
  errors: [ 'All included players are not subscribed' ] }
Response:
{ id: '',
  recipients: 0,
  errors: [ 'All included players are not subscribed' ] }
Response:
{ id: '',
  recipients: 0,
  errors: [ 'All included players are not subscribed' ] }
Response:
{ id: '',
  recipients: 0,
  errors: [ 'All included players are not subscribed' ] }
Response:
{ id: '0bf5e180-1d1a-4cf5-bf11-13d045c6ba67', recipients: 2 }
Response:
{ id: '',
  recipients: 0,
  errors: [ 'All included players are not subscribed' ] }
Response:
{ id: '97e5996d-4edc-467c-990a-2a608991ea39', recipients: 2 }
Response:
{ id: '3fc6baec-5861-4efe-afc4-a7eaa4135b52', recipients: 2 }
Response:
{ id: 'c94e2902-8c60-45fe-a807-809a6cc3bc0d', recipients: 2 }
Response:
{ id: 'ff10f729-8b5d-41fc-90af-4539703cb559', recipients: 2 }
Response:
{ id: 'fb5e7e13-f853-4aba-b15a-03cff941a940', recipients: 2 }
Response:
{ id: '',
  recipients: 0,
  errors: [ 'All included players are not subscribed' ] }
Response:
{ id: '',
  recipients: 0,
  errors: [ 'All included players are not subscribed' ] }
Response:
{ id: '',
  recipients: 0,
  errors: [ 'All included players are not subscribed' ] }
Response:
{ id: '',
  recipients: 0,
  errors: [ 'All included players are not subscribed' ] }
Response:
{ id: '',
  recipients: 0,
  errors: [ 'All included players are not subscribed' ] }
Response:
{ id: '',
  recipients: 0,
  errors: [ 'All included players are not subscribed' ] }
Response:
{ id: '',
  recipients: 0,
  errors: [ 'All included players are not subscribed' ] }
Response:
{ id: '',
  recipients: 0,
  errors: [ 'All included players are not subscribed' ] }
Response:
{ id: '',
  recipients: 0,
  errors: [ 'All included players are not subscribed' ] }
Response:
{ id: '',
  recipients: 0,
  errors: [ 'All included players are not subscribed' ] }
Response:
{ id: '',
  recipients: 0,
  errors: [ 'All included players are not subscribed' ] }
Response:
{ id: '',
  recipients: 0,
  errors: [ 'All included players are not subscribed' ] }
Response:
{ id: '',
  recipients: 0,
  errors: [ 'All included players are not subscribed' ] }
Response:
{ id: '',
  recipients: 0,
  errors: [ 'All included players are not subscribed' ] }
Response:
{ id: '',
  recipients: 0,
  errors: [ 'All included players are not subscribed' ] }
Response:
{ id: '',
  recipients: 0,
  errors: [ 'All included players are not subscribed' ] }
Response:
{ id: '',
  recipients: 0,
  errors: [ 'All included players are not subscribed' ] }
Response:
{ id: '',
  recipients: 0,
  errors: [ 'All included players are not subscribed' ] }
Response:
{ id: '',
  recipients: 0,
  errors: [ 'All included players are not subscribed' ] }
Response:
{ id: '',
  recipients: 0,
  errors: [ 'All included players are not subscribed' ] }
Response:
{ id: '',
  recipients: 0,
  errors: [ 'All included players are not subscribed' ] }
Response:
{ id: '',
  recipients: 0,
  errors: [ 'All included players are not subscribed' ] }
Response:
{ id: '',
  recipients: 0,
  errors: [ 'All included players are not subscribed' ] }
Response:
{ id: '',
  recipients: 0,
  errors: [ 'All included players are not subscribed' ] }
Response:
{ id: '',
  recipients: 0,
  errors: [ 'All included players are not subscribed' ] }
Response:
{ id: '',
  recipients: 0,
  errors: [ 'All included players are not subscribed' ] }
Response:
{ id: '',
  recipients: 0,
  errors: [ 'All included players are not subscribed' ] }
Response:
{ id: '',
  recipients: 0,
  errors: [ 'All included players are not subscribed' ] }
Listening on Port 3000
Listening on Port 3000
Response:
{ id: '',
  recipients: 0,
  errors: [ 'All included players are not subscribed' ] }
Response:
{ id: '',
  recipients: 0,
  errors: [ 'All included players are not subscribed' ] }
Response:
{ id: '',
  recipients: 0,
  errors: [ 'All included players are not subscribed' ] }
Response:
{ id: '',
  recipients: 0,
  errors: [ 'All included players are not subscribed' ] }
Response:
{ id: '',
  recipients: 0,
  errors: [ 'All included players are not subscribed' ] }
Response:
{ id: '',
  recipients: 0,
  errors: [ 'All included players are not subscribed' ] }
Response:
{ id: '',
  recipients: 0,
  errors: [ 'All included players are not subscribed' ] }
Response:
{ id: '',
  recipients: 0,
  errors: [ 'All included players are not subscribed' ] }
Response:
{ id: '',
  recipients: 0,
  errors: [ 'All included players are not subscribed' ] }
Response:
{ id: '',
  recipients: 0,
  errors: [ 'All included players are not subscribed' ] }
Response:
{ id: '',
  recipients: 0,
  errors: [ 'All included players are not subscribed' ] }
Response:
{ id: '',
  recipients: 0,
  errors: [ 'All included players are not subscribed' ] }
Response:
{ id: '',
  recipients: 0,
  errors: [ 'All included players are not subscribed' ] }
Response:
{ id: '',
  recipients: 0,
  errors: [ 'All included players are not subscribed' ] }
Response:
{ id: '',
  recipients: 0,
  errors: [ 'All included players are not subscribed' ] }
Response:
{ id: '',
  recipients: 0,
  errors: [ 'All included players are not subscribed' ] }
Response:
{ id: '',
  recipients: 0,
  errors: [ 'All included players are not subscribed' ] }
Response:
{ id: '',
  recipients: 0,
  errors: [ 'All included players are not subscribed' ] }
Response:
{ id: '',
  recipients: 0,
  errors: [ 'All included players are not subscribed' ] }
Response:
{ id: '',
  recipients: 0,
  errors: [ 'All included players are not subscribed' ] }
Response:
{ id: '',
  recipients: 0,
  errors: [ 'All included players are not subscribed' ] }
Response:
{ id: '',
  recipients: 0,
  errors: [ 'All included players are not subscribed' ] }
Response:
{ id: '',
  recipients: 0,
  errors: [ 'All included players are not subscribed' ] }
Response:
{ id: '',
  recipients: 0,
  errors: [ 'All included players are not subscribed' ] }
Response:
{ id: '',
  recipients: 0,
  errors: [ 'All included players are not subscribed' ] }
Response:
{ id: '',
  recipients: 0,
  errors: [ 'All included players are not subscribed' ] }
Response:
{ id: '',
  recipients: 0,
  errors: [ 'All included players are not subscribed' ] }
Response:
{ id: '',
  recipients: 0,
  errors: [ 'All included players are not subscribed' ] }
Response:
{ id: '',
  recipients: 0,
  errors: [ 'All included players are not subscribed' ] }
Response:
{ id: '',
  recipients: 0,
  errors: [ 'All included players are not subscribed' ] }
Response:
{ id: '',
  recipients: 0,
  errors: [ 'All included players are not subscribed' ] }
Response:
{ id: '',
  recipients: 0,
  errors: [ 'All included players are not subscribed' ] }
Response:
{ id: '',
  recipients: 0,
  errors: [ 'All included players are not subscribed' ] }
Response:
{ id: '',
  recipients: 0,
  errors: [ 'All included players are not subscribed' ] }
Response:
{ id: '',
  recipients: 0,
  errors: [ 'All included players are not subscribed' ] }
Response:
{ id: '',
  recipients: 0,
  errors: [ 'All included players are not subscribed' ] }
Response:
{ id: '',
  recipients: 0,
  errors: [ 'All included players are not subscribed' ] }
Response:
{ id: '60e524b3-f4c8-479b-9311-6c2c944ae945', recipients: 2 }
Response:
{ id: '',
  recipients: 0,
  errors: [ 'All included players are not subscribed' ] }
Response:
{ id: 'ef045fba-9cf5-4ed8-9058-777067865362', recipients: 2 }
Response:
{ id: 'f740303d-b31d-475f-b9b0-f242521de423', recipients: 2 }
Response:
{ id: '',
  recipients: 0,
  errors: [ 'All included players are not subscribed' ] }
Response:
{ id: '',
  recipients: 0,
  errors: [ 'All included players are not subscribed' ] }
Response:
{ id: '5cd57793-a46d-41c1-8f1d-95394d469eee', recipients: 2 }
Response:
{ id: '',
  recipients: 0,
  errors: [ 'All included players are not subscribed' ] }
Response:
{ id: '',
  recipients: 0,
  errors: [ 'All included players are not subscribed' ] }
Response:
{ id: '',
  recipients: 0,
  errors: [ 'All included players are not subscribed' ] }
Response:
{ id: '',
  recipients: 0,
  errors: [ 'All included players are not subscribed' ] }
Response:
{ id: '',
  recipients: 0,
  errors: [ 'All included players are not subscribed' ] }
Response:
{ id: '',
  recipients: 0,
  errors: [ 'All included players are not subscribed' ] }
Response:
{ id: '',
  recipients: 0,
  errors: [ 'All included players are not subscribed' ] }
Response:
{ id: '',
  recipients: 0,
  errors: [ 'All included players are not subscribed' ] }
Response:
{ id: '',
  recipients: 0,
  errors: [ 'All included players are not subscribed' ] }
Response:
{ id: '',
  recipients: 0,
  errors: [ 'All included players are not subscribed' ] }
Response:
{ id: '',
  recipients: 0,
  errors: [ 'All included players are not subscribed' ] }
Response:
{ id: '',
  recipients: 0,
  errors: [ 'All included players are not subscribed' ] }
Response:
{ id: '',
  recipients: 0,
  errors: [ 'All included players are not subscribed' ] }
Response:
{ id: '',
  recipients: 0,
  errors: [ 'All included players are not subscribed' ] }
Response:
{ id: '',
  recipients: 0,
  errors: [ 'All included players are not subscribed' ] }
Response:
{ id: '',
  recipients: 0,
  errors: [ 'All included players are not subscribed' ] }
Response:
{ id: '',
  recipients: 0,
  errors: [ 'All included players are not subscribed' ] }
Response:
{ id: '',
  recipients: 0,
  errors: [ 'All included players are not subscribed' ] }
Response:
{ id: '',
  recipients: 0,
  errors: [ 'All included players are not subscribed' ] }
Response:
{ id: '',
  recipients: 0,
  errors: [ 'All included players are not subscribed' ] }
Response:
{ id: '',
  recipients: 0,
  errors: [ 'All included players are not subscribed' ] }
Response:
{ id: '',
  recipients: 0,
  errors: [ 'All included players are not subscribed' ] }
Response:
{ id: '',
  recipients: 0,
  errors: [ 'All included players are not subscribed' ] }
Response:
{ id: '',
  recipients: 0,
  errors: [ 'All included players are not subscribed' ] }
Response:
{ id: '',
  recipients: 0,
  errors: [ 'All included players are not subscribed' ] }
Response:
{ id: '',
  recipients: 0,
  errors: [ 'All included players are not subscribed' ] }
Response:
{ id: '',
  recipients: 0,
  errors: [ 'All included players are not subscribed' ] }
Response:
{ id: '',
  recipients: 0,
  errors: [ 'All included players are not subscribed' ] }
Response:
{ id: '',
  recipients: 0,
  errors: [ 'All included players are not subscribed' ] }
Response:
{ id: 'bdacbe54-f65f-453a-afae-4120eb938f75', recipients: 1 }
Response:
{ id: '',
  recipients: 0,
  errors: [ 'All included players are not subscribed' ] }
Response:
{ id: '',
  recipients: 0,
  errors: [ 'All included players are not subscribed' ] }
Response:
{ id: '',
  recipients: 0,
  errors: [ 'All included players are not subscribed' ] }
Response:
{ id: '',
  recipients: 0,
  errors: [ 'All included players are not subscribed' ] }
Response:
{ id: '',
  recipients: 0,
  errors: [ 'All included players are not subscribed' ] }
Response:
{ id: '',
  recipients: 0,
  errors: [ 'All included players are not subscribed' ] }
Response:
{ id: '',
  recipients: 0,
  errors: [ 'All included players are not subscribed' ] }
Response:
{ id: '',
  recipients: 0,
  errors: [ 'All included players are not subscribed' ] }
Response:
{ id: '268d9717-1cd9-4d7b-aefd-1e09d84c548f', recipients: 1 }
Response:
{ id: '',
  recipients: 0,
  errors: [ 'All included players are not subscribed' ] }
Response:
{ id: '',
  recipients: 0,
  errors: [ 'All included players are not subscribed' ] }
Response:
{ id: '',
  recipients: 0,
  errors: [ 'All included players are not subscribed' ] }
Listening on Port 3000
Response:
{ id: '',
  recipients: 0,
  errors: [ 'All included players are not subscribed' ] }
Response:
{ id: '',
  recipients: 0,
  errors: [ 'All included players are not subscribed' ] }
Response:
{ id: '',
  recipients: 0,
  errors: [ 'All included players are not subscribed' ] }
Response:
{ id: '',
  recipients: 0,
  errors: [ 'All included players are not subscribed' ] }
Response:
{ id: '',
  recipients: 0,
  errors: [ 'All included players are not subscribed' ] }
Response:
{ id: '',
  recipients: 0,
  errors: [ 'All included players are not subscribed' ] }
Response:
{ id: '',
  recipients: 0,
  errors: [ 'All included players are not subscribed' ] }
Response:
{ id: '',
  recipients: 0,
  errors: [ 'All included players are not subscribed' ] }
Response:
{ id: '',
  recipients: 0,
  errors: [ 'All included players are not subscribed' ] }
Response:
{ id: '',
  recipients: 0,
  errors: [ 'All included players are not subscribed' ] }
Response:
{ id: '',
  recipients: 0,
  errors: [ 'All included players are not subscribed' ] }
Response:
{ id: 'd7cc5b32-0728-4eb7-90bb-8b744e0073d1', recipients: 1 }
Response:
{ id: '',
  recipients: 0,
  errors: [ 'All included players are not subscribed' ] }
Response:
{ id: 'd10035c3-8437-41ec-a7ff-37c3902b8420', recipients: 1 }
Listening on Port 3000
Response:
{ id: '',
  recipients: 0,
  errors: [ 'All included players are not subscribed' ] }
Response:
{ id: '',
  recipients: 0,
  errors: [ 'All included players are not subscribed' ] }
Response:
{ id: '',
  recipients: 0,
  errors: [ 'All included players are not subscribed' ] }
Response:
{ id: '',
  recipients: 0,
  errors: [ 'All included players are not subscribed' ] }
Response:
{ id: 'c44f72dd-1999-4da3-b6c4-c99c00908965', recipients: 1 }
Response:
{ id: '',
  recipients: 0,
  errors: [ 'All included players are not subscribed' ] }
Response:
{ id: '357b8f20-e2d7-49b9-a2c5-9af2da2506e9', recipients: 1 }
Response:
{ id: '',
  recipients: 0,
  errors: [ 'All included players are not subscribed' ] }
Response:
{ id: '',
  recipients: 0,
  errors: [ 'All included players are not subscribed' ] }
Response:
{ id: '',
  recipients: 0,
  errors: [ 'All included players are not subscribed' ] }
Response:
{ id: '',
  recipients: 0,
  errors: [ 'All included players are not subscribed' ] }
Response:
{ id: '',
  recipients: 0,
  errors: [ 'All included players are not subscribed' ] }
Response:
{ id: '',
  recipients: 0,
  errors: [ 'All included players are not subscribed' ] }
Response:
{ id: '',
  recipients: 0,
  errors: [ 'All included players are not subscribed' ] }
Response:
{ id: '',
  recipients: 0,
  errors: [ 'All included players are not subscribed' ] }
Response:
{ id: '',
  recipients: 0,
  errors: [ 'All included players are not subscribed' ] }
Response:
{ id: '',
  recipients: 0,
  errors: [ 'All included players are not subscribed' ] }
Response:
{ id: '',
  recipients: 0,
  errors: [ 'All included players are not subscribed' ] }
Response:
{ id: '',
  recipients: 0,
  errors: [ 'All included players are not subscribed' ] }
Response:
{ id: '',
  recipients: 0,
  errors: [ 'All included players are not subscribed' ] }
Response:
{ id: '',
  recipients: 0,
  errors: [ 'All included players are not subscribed' ] }
Response:
{ id: '9dbc766c-b063-4b0c-a591-2b39341b85e9', recipients: 1 }
Response:
{ id: '',
  recipients: 0,
  errors: [ 'All included players are not subscribed' ] }
Response:
{ id: '',
  recipients: 0,
  errors: [ 'All included players are not subscribed' ] }
Response:
{ id: 'daf74943-b7a3-44d3-8d09-bdbed86c2927', recipients: 1 }
Response:
{ id: '',
  recipients: 0,
  errors: [ 'All included players are not subscribed' ] }
Response:
{ id: '',
  recipients: 0,
  errors: [ 'All included players are not subscribed' ] }
Response:
{ id: '',
  recipients: 0,
  errors: [ 'All included players are not subscribed' ] }
Response:
{ id: '',
  recipients: 0,
  errors: [ 'All included players are not subscribed' ] }
Response:
{ id: '',
  recipients: 0,
  errors: [ 'All included players are not subscribed' ] }
Response:
{ id: '',
  recipients: 0,
  errors: [ 'All included players are not subscribed' ] }
Response:
{ id: '',
  recipients: 0,
  errors: [ 'All included players are not subscribed' ] }
Response:
{ id: '',
  recipients: 0,
  errors: [ 'All included players are not subscribed' ] }
Response:
{ id: '',
  recipients: 0,
  errors: [ 'All included players are not subscribed' ] }
Response:
{ id: '',
  recipients: 0,
  errors: [ 'All included players are not subscribed' ] }
Response:
{ id: '',
  recipients: 0,
  errors: [ 'All included players are not subscribed' ] }
Response:
{ id: '',
  recipients: 0,
  errors: [ 'All included players are not subscribed' ] }
Response:
{ id: '57dca308-8f86-4fec-babb-231b9be650e1', recipients: 1 }
Response:
{ id: '',
  recipients: 0,
  errors: [ 'All included players are not subscribed' ] }
Response:
{ id: '',
  recipients: 0,
  errors: [ 'All included players are not subscribed' ] }
Response:
{ id: '',
  recipients: 0,
  errors: [ 'All included players are not subscribed' ] }
Response:
{ id: '',
  recipients: 0,
  errors: [ 'All included players are not subscribed' ] }
Response:
{ id: '',
  recipients: 0,
  errors: [ 'All included players are not subscribed' ] }
Response:
{ id: '',
  recipients: 0,
  errors: [ 'All included players are not subscribed' ] }
Response:
{ id: '',
  recipients: 0,
  errors: [ 'All included players are not subscribed' ] }
Response:
{ id: '',
  recipients: 0,
  errors: [ 'All included players are not subscribed' ] }
Response:
{ id: '',
  recipients: 0,
  errors: [ 'All included players are not subscribed' ] }
Response:
{ id: '',
  recipients: 0,
  errors: [ 'All included players are not subscribed' ] }
Response:
{ id: '',
  recipients: 0,
  errors: [ 'All included players are not subscribed' ] }
Response:
{ id: '',
  recipients: 0,
  errors: [ 'All included players are not subscribed' ] }
Response:
{ id: '',
  recipients: 0,
  errors: [ 'All included players are not subscribed' ] }
Response:
{ id: '',
  recipients: 0,
  errors: [ 'All included players are not subscribed' ] }
Response:
{ id: '',
  recipients: 0,
  errors: [ 'All included players are not subscribed' ] }
Response:
{ id: '',
  recipients: 0,
  errors: [ 'All included players are not subscribed' ] }
Response:
{ id: '',
  recipients: 0,
  errors: [ 'All included players are not subscribed' ] }
Response:
{ id: '',
  recipients: 0,
  errors: [ 'All included players are not subscribed' ] }
Response:
{ id: '',
  recipients: 0,
  errors: [ 'All included players are not subscribed' ] }
Response:
{ id: '',
  recipients: 0,
  errors: [ 'All included players are not subscribed' ] }
Response:
{ id: '',
  recipients: 0,
  errors: [ 'All included players are not subscribed' ] }
Response:
{ id: '',
  recipients: 0,
  errors: [ 'All included players are not subscribed' ] }
Response:
{ id: '1f3b0f1e-c058-4188-85f3-671a6c5179e8', recipients: 1 }
Response:
{ id: '',
  recipients: 0,
  errors: [ 'All included players are not subscribed' ] }
Listening on Port 3000
Response:
{ id: '',
  recipients: 0,
  errors: [ 'All included players are not subscribed' ] }
Response:
{ id: '',
  recipients: 0,
  errors: [ 'All included players are not subscribed' ] }
Response:
{ id: '',
  recipients: 0,
  errors: [ 'All included players are not subscribed' ] }
Response:
{ id: '',
  recipients: 0,
  errors: [ 'All included players are not subscribed' ] }
Response:
{ id: '',
  recipients: 0,
  errors: [ 'All included players are not subscribed' ] }
Response:
{ id: '',
  recipients: 0,
  errors: [ 'All included players are not subscribed' ] }
Listening on Port 3000
Response:
{ id: '',
  recipients: 0,
  errors: [ 'All included players are not subscribed' ] }
Response:
{ id: '',
  recipients: 0,
  errors: [ 'All included players are not subscribed' ] }
Response:
{ id: '',
  recipients: 0,
  errors: [ 'All included players are not subscribed' ] }
Response:
{ id: '',
  recipients: 0,
  errors: [ 'All included players are not subscribed' ] }
Response:
{ id: '',
  recipients: 0,
  errors: [ 'All included players are not subscribed' ] }
Response:
{ id: '',
  recipients: 0,
  errors: [ 'All included players are not subscribed' ] }
Response:
{ id: '',
  recipients: 0,
  errors: [ 'All included players are not subscribed' ] }
Response:
{ id: '',
  recipients: 0,
  errors: [ 'All included players are not subscribed' ] }
Response:
{ id: '',
  recipients: 0,
  errors: [ 'All included players are not subscribed' ] }
Response:
{ id: '',
  recipients: 0,
  errors: [ 'All included players are not subscribed' ] }
Response:
{ id: '',
  recipients: 0,
  errors: [ 'All included players are not subscribed' ] }
Response:
{ id: '',
  recipients: 0,
  errors: [ 'All included players are not subscribed' ] }
Response:
{ id: '',
  recipients: 0,
  errors: [ 'All included players are not subscribed' ] }
Response:
{ id: '',
  recipients: 0,
  errors: [ 'All included players are not subscribed' ] }
Response:
{ id: '',
  recipients: 0,
  errors: [ 'All included players are not subscribed' ] }
Response:
{ id: '',
  recipients: 0,
  errors: [ 'All included players are not subscribed' ] }
Response:
{ id: '',
  recipients: 0,
  errors: [ 'All included players are not subscribed' ] }
Response:
{ id: '',
  recipients: 0,
  errors: [ 'All included players are not subscribed' ] }
Response:
{ id: '',
  recipients: 0,
  errors: [ 'All included players are not subscribed' ] }
Response:
{ id: 'defe1aa7-0611-40c3-a24e-c069b3b2fbec', recipients: 1 }
Response:
{ id: '',
  recipients: 0,
  errors: [ 'All included players are not subscribed' ] }
Response:
{ id: '',
  recipients: 0,
  errors: [ 'All included players are not subscribed' ] }
Response:
{ id: '',
  recipients: 0,
  errors: [ 'All included players are not subscribed' ] }
Response:
{ id: '',
  recipients: 0,
  errors: [ 'All included players are not subscribed' ] }
Response:
{ id: '',
  recipients: 0,
  errors: [ 'All included players are not subscribed' ] }
Response:
{ id: '',
  recipients: 0,
  errors: [ 'All included players are not subscribed' ] }
Response:
{ id: '',
  recipients: 0,
  errors: [ 'All included players are not subscribed' ] }
Response:
{ id: '',
  recipients: 0,
  errors: [ 'All included players are not subscribed' ] }
Response:
{ id: '',
  recipients: 0,
  errors: [ 'All included players are not subscribed' ] }
Response:
{ id: '',
  recipients: 0,
  errors: [ 'All included players are not subscribed' ] }
Listening on Port 3000
Response:
{ id: '',
  recipients: 0,
  errors: [ 'All included players are not subscribed' ] }
Response:
{ id: '',
  recipients: 0,
  errors: [ 'All included players are not subscribed' ] }
Response:
{ id: '',
  recipients: 0,
  errors: [ 'All included players are not subscribed' ] }
Response:
{ id: '',
  recipients: 0,
  errors: [ 'All included players are not subscribed' ] }
Response:
{ id: '',
  recipients: 0,
  errors: [ 'All included players are not subscribed' ] }
Response:
{ id: '',
  recipients: 0,
  errors: [ 'All included players are not subscribed' ] }
Response:
{ id: '',
  recipients: 0,
  errors: [ 'All included players are not subscribed' ] }
Response:
{ id: '02fcfaf0-109b-4ac4-aacf-8033d0e8a33b', recipients: 1 }
Response:
{ id: '',
  recipients: 0,
  errors: [ 'All included players are not subscribed' ] }
Response:
{ id: '',
  recipients: 0,
  errors: [ 'All included players are not subscribed' ] }
Response:
{ id: '',
  recipients: 0,
  errors: [ 'All included players are not subscribed' ] }
Response:
{ id: '',
  recipients: 0,
  errors: [ 'All included players are not subscribed' ] }
Response:
{ id: '',
  recipients: 0,
  errors: [ 'All included players are not subscribed' ] }
Response:
{ id: '',
  recipients: 0,
  errors: [ 'All included players are not subscribed' ] }
Response:
{ id: '',
  recipients: 0,
  errors: [ 'All included players are not subscribed' ] }
Response:
{ id: '',
  recipients: 0,
  errors: [ 'All included players are not subscribed' ] }
Response:
{ id: '9064423b-440e-4fe6-8694-28a5b9848a1d', recipients: 1 }
Response:
{ id: '',
  recipients: 0,
  errors: [ 'All included players are not subscribed' ] }
Response:
{ id: 'c09c6d30-7d29-452e-b12b-b8622589c401', recipients: 1 }
Response:
{ id: '',
  recipients: 0,
  errors: [ 'All included players are not subscribed' ] }
Listening on Port 3000
Response:
{ id: '',
  recipients: 0,
  errors: [ 'All included players are not subscribed' ] }
Response:
{ id: '',
  recipients: 0,
  errors: [ 'All included players are not subscribed' ] }
Response:
{ id: '',
  recipients: 0,
  errors: [ 'All included players are not subscribed' ] }
Response:
{ id: '',
  recipients: 0,
  errors: [ 'All included players are not subscribed' ] }
Response:
{ id: '',
  recipients: 0,
  errors: [ 'All included players are not subscribed' ] }
Response:
{ id: '',
  recipients: 0,
  errors: [ 'All included players are not subscribed' ] }
Response:
{ id: '',
  recipients: 0,
  errors: [ 'All included players are not subscribed' ] }
Response:
{ id: '',
  recipients: 0,
  errors: [ 'All included players are not subscribed' ] }
Listening on Port 3000
Listening on Port 3000
Listening on Port 3000
Response:
{ id: '',
  recipients: 0,
  errors: [ 'All included players are not subscribed' ] }
Response:
{ id: '',
  recipients: 0,
  errors: [ 'All included players are not subscribed' ] }
Response:
{ id: '',
  recipients: 0,
  errors: [ 'All included players are not subscribed' ] }
Response:
{ id: '',
  recipients: 0,
  errors: [ 'All included players are not subscribed' ] }
Listening on Port 3000
Response:
{ id: '',
  recipients: 0,
  errors: [ 'All included players are not subscribed' ] }
Response:
{ id: '',
  recipients: 0,
  errors: [ 'All included players are not subscribed' ] }
Listening on Port 3000
Listening on Port 3000
Response:
{ id: '',
  recipients: 0,
  errors: [ 'All included players are not subscribed' ] }
Response:
{ id: '',
  recipients: 0,
  errors: [ 'All included players are not subscribed' ] }
Response:
{ id: '',
  recipients: 0,
  errors: [ 'All included players are not subscribed' ] }
Response:
{ id: '',
  recipients: 0,
  errors: [ 'All included players are not subscribed' ] }
Response:
{ id: '',
  recipients: 0,
  errors: [ 'All included players are not subscribed' ] }
Response:
{ id: '',
  recipients: 0,
  errors: [ 'All included players are not subscribed' ] }
Listening on Port 3000
Response:
{ id: '',
  recipients: 0,
  errors: [ 'All included players are not subscribed' ] }
Response:
{ id: '',
  recipients: 0,
  errors: [ 'All included players are not subscribed' ] }
Response:
{ id: '',
  recipients: 0,
  errors: [ 'All included players are not subscribed' ] }
Response:
{ id: '',
  recipients: 0,
  errors: [ 'All included players are not subscribed' ] }
Response:
{ id: '',
  recipients: 0,
  errors: [ 'All included players are not subscribed' ] }
Response:
{ id: '',
  recipients: 0,
  errors: [ 'All included players are not subscribed' ] }
Response:
{ id: '',
  recipients: 0,
  errors: [ 'All included players are not subscribed' ] }
Response:
{ id: '',
  recipients: 0,
  errors: [ 'All included players are not subscribed' ] }
Response:
{ id: '',
  recipients: 0,
  errors: [ 'All included players are not subscribed' ] }
Response:
{ id: '',
  recipients: 0,
  errors: [ 'All included players are not subscribed' ] }
Response:
{ id: '',
  recipients: 0,
  errors: [ 'All included players are not subscribed' ] }
Response:
{ id: '',
  recipients: 0,
  errors: [ 'All included players are not subscribed' ] }
Response:
{ id: '',
  recipients: 0,
  errors: [ 'All included players are not subscribed' ] }
Response:
{ id: '',
  recipients: 0,
  errors: [ 'All included players are not subscribed' ] }
Response:
{ id: '',
  recipients: 0,
  errors: [ 'All included players are not subscribed' ] }
Response:
{ id: '',
  recipients: 0,
  errors: [ 'All included players are not subscribed' ] }
Response:
{ id: '',
  recipients: 0,
  errors: [ 'All included players are not subscribed' ] }
Response:
{ id: '',
  recipients: 0,
  errors: [ 'All included players are not subscribed' ] }
Response:
{ id: '',
  recipients: 0,
  errors: [ 'All included players are not subscribed' ] }
Response:
{ id: '',
  recipients: 0,
  errors: [ 'All included players are not subscribed' ] }
Response:
{ id: '',
  recipients: 0,
  errors: [ 'All included players are not subscribed' ] }
Response:
{ id: '',
  recipients: 0,
  errors: [ 'All included players are not subscribed' ] }
Response:
{ id: '',
  recipients: 0,
  errors: [ 'All included players are not subscribed' ] }
Response:
{ id: '',
  recipients: 0,
  errors: [ 'All included players are not subscribed' ] }
Response:
{ id: '',
  recipients: 0,
  errors: [ 'All included players are not subscribed' ] }
Response:
{ id: '',
  recipients: 0,
  errors: [ 'All included players are not subscribed' ] }
Response:
{ id: '',
  recipients: 0,
  errors: [ 'All included players are not subscribed' ] }
Response:
{ id: '',
  recipients: 0,
  errors: [ 'All included players are not subscribed' ] }
Response:
{ id: '',
  recipients: 0,
  errors: [ 'All included players are not subscribed' ] }
Response:
{ id: '',
  recipients: 0,
  errors: [ 'All included players are not subscribed' ] }
Response:
{ id: '',
  recipients: 0,
  errors: [ 'All included players are not subscribed' ] }
Response:
{ id: '',
  recipients: 0,
  errors: [ 'All included players are not subscribed' ] }
Response:
{ id: '',
  recipients: 0,
  errors: [ 'All included players are not subscribed' ] }
Response:
{ id: '',
  recipients: 0,
  errors: [ 'All included players are not subscribed' ] }
Response:
{ id: '',
  recipients: 0,
  errors: [ 'All included players are not subscribed' ] }
Response:
{ id: '',
  recipients: 0,
  errors: [ 'All included players are not subscribed' ] }
Response:
{ id: '',
  recipients: 0,
  errors: [ 'All included players are not subscribed' ] }
Response:
{ id: '',
  recipients: 0,
  errors: [ 'All included players are not subscribed' ] }
Response:
{ id: '',
  recipients: 0,
  errors: [ 'All included players are not subscribed' ] }
Response:
{ id: '',
  recipients: 0,
  errors: [ 'All included players are not subscribed' ] }
Response:
{ id: '',
  recipients: 0,
  errors: [ 'All included players are not subscribed' ] }
Response:
{ id: '',
  recipients: 0,
  errors: [ 'All included players are not subscribed' ] }
Response:
{ id: '',
  recipients: 0,
  errors: [ 'All included players are not subscribed' ] }
Response:
{ id: '',
  recipients: 0,
  errors: [ 'All included players are not subscribed' ] }
Response:
{ id: '',
  recipients: 0,
  errors: [ 'All included players are not subscribed' ] }
Response:
{ id: '',
  recipients: 0,
  errors: [ 'All included players are not subscribed' ] }
Response:
{ id: '',
  recipients: 0,
  errors: [ 'All included players are not subscribed' ] }
Response:
{ id: '',
  recipients: 0,
  errors: [ 'All included players are not subscribed' ] }
Response:
{ id: '',
  recipients: 0,
  errors: [ 'All included players are not subscribed' ] }
Response:
{ id: '',
  recipients: 0,
  errors: [ 'All included players are not subscribed' ] }
Response:
{ id: '',
  recipients: 0,
  errors: [ 'All included players are not subscribed' ] }
Response:
{ id: '',
  recipients: 0,
  errors: [ 'All included players are not subscribed' ] }
Response:
{ id: '',
  recipients: 0,
  errors: [ 'All included players are not subscribed' ] }
Response:
{ id: '',
  recipients: 0,
  errors: [ 'All included players are not subscribed' ] }
Response:
{ id: '',
  recipients: 0,
  errors: [ 'All included players are not subscribed' ] }
Response:
{ id: '',
  recipients: 0,
  errors: [ 'All included players are not subscribed' ] }
Response:
{ id: '',
  recipients: 0,
  errors: [ 'All included players are not subscribed' ] }
Response:
{ id: '',
  recipients: 0,
  errors: [ 'All included players are not subscribed' ] }
Response:
{ id: '',
  recipients: 0,
  errors: [ 'All included players are not subscribed' ] }
Response:
{ id: '',
  recipients: 0,
  errors: [ 'All included players are not subscribed' ] }
Response:
{ id: '',
  recipients: 0,
  errors: [ 'All included players are not subscribed' ] }
Response:
{ id: '',
  recipients: 0,
  errors: [ 'All included players are not subscribed' ] }
Response:
{ id: '',
  recipients: 0,
  errors: [ 'All included players are not subscribed' ] }
Response:
{ id: '',
  recipients: 0,
  errors: [ 'All included players are not subscribed' ] }
Response:
{ id: '',
  recipients: 0,
  errors: [ 'All included players are not subscribed' ] }
Response:
{ id: '8e34b6fa-a995-4f69-866c-069222e4e6ff', recipients: 1 }
Response:
{ id: '',
  recipients: 0,
  errors: [ 'All included players are not subscribed' ] }
Response:
{ id: '',
  recipients: 0,
  errors: [ 'All included players are not subscribed' ] }
Response:
{ id: '',
  recipients: 0,
  errors: [ 'All included players are not subscribed' ] }
Response:
{ id: '',
  recipients: 0,
  errors: [ 'All included players are not subscribed' ] }
Response:
{ id: 'dd1388c4-5791-46b4-add6-59d127e085f4', recipients: 1 }
Response:
{ id: '',
  recipients: 0,
  errors: [ 'All included players are not subscribed' ] }
Response:
{ id: '',
  recipients: 0,
  errors: [ 'All included players are not subscribed' ] }
Response:
{ id: '',
  recipients: 0,
  errors: [ 'All included players are not subscribed' ] }
Response:
{ id: '',
  recipients: 0,
  errors: [ 'All included players are not subscribed' ] }
Response:
{ id: '',
  recipients: 0,
  errors: [ 'All included players are not subscribed' ] }
Response:
{ id: '',
  recipients: 0,
  errors: [ 'All included players are not subscribed' ] }
Response:
{ id: '',
  recipients: 0,
  errors: [ 'All included players are not subscribed' ] }
Response:
{ id: '',
  recipients: 0,
  errors: [ 'All included players are not subscribed' ] }
Response:
{ id: '',
  recipients: 0,
  errors: [ 'All included players are not subscribed' ] }
Response:
{ id: '',
  recipients: 0,
  errors: [ 'All included players are not subscribed' ] }
Response:
{ id: '',
  recipients: 0,
  errors: [ 'All included players are not subscribed' ] }
Response:
{ id: '',
  recipients: 0,
  errors: [ 'All included players are not subscribed' ] }
Response:
{ id: '',
  recipients: 0,
  errors: [ 'All included players are not subscribed' ] }
Response:
{ id: '',
  recipients: 0,
  errors: [ 'All included players are not subscribed' ] }
Response:
{ id: '',
  recipients: 0,
  errors: [ 'All included players are not subscribed' ] }
Response:
{ id: '',
  recipients: 0,
  errors: [ 'All included players are not subscribed' ] }
Listening on Port 3000
Listening on Port 3000
Response:
{ id: '',
  recipients: 0,
  errors: [ 'All included players are not subscribed' ] }
Response:
{ id: '',
  recipients: 0,
  errors: [ 'All included players are not subscribed' ] }
Response:
{ id: '',
  recipients: 0,
  errors: [ 'All included players are not subscribed' ] }
Response:
{ id: '',
  recipients: 0,
  errors: [ 'All included players are not subscribed' ] }
Response:
{ id: '',
  recipients: 0,
  errors: [ 'All included players are not subscribed' ] }
Response:
{ id: '',
  recipients: 0,
  errors: [ 'All included players are not subscribed' ] }
Response:
{ id: '',
  recipients: 0,
  errors: [ 'All included players are not subscribed' ] }
Response:
{ id: '',
  recipients: 0,
  errors: [ 'All included players are not subscribed' ] }
Response:
{ id: '',
  recipients: 0,
  errors: [ 'All included players are not subscribed' ] }
Response:
{ id: '',
  recipients: 0,
  errors: [ 'All included players are not subscribed' ] }
Response:
{ id: '',
  recipients: 0,
  errors: [ 'All included players are not subscribed' ] }
Response:
{ id: '',
  recipients: 0,
  errors: [ 'All included players are not subscribed' ] }
Response:
{ id: '',
  recipients: 0,
  errors: [ 'All included players are not subscribed' ] }
Response:
{ id: '',
  recipients: 0,
  errors: [ 'All included players are not subscribed' ] }
Response:
{ id: '',
  recipients: 0,
  errors: [ 'All included players are not subscribed' ] }
Response:
{ id: '',
  recipients: 0,
  errors: [ 'All included players are not subscribed' ] }
Response:
{ id: '',
  recipients: 0,
  errors: [ 'All included players are not subscribed' ] }
Response:
{ id: '',
  recipients: 0,
  errors: [ 'All included players are not subscribed' ] }
Response:
{ id: '',
  recipients: 0,
  errors: [ 'All included players are not subscribed' ] }
Response:
{ id: '',
  recipients: 0,
  errors: [ 'All included players are not subscribed' ] }
Response:
{ id: '',
  recipients: 0,
  errors: [ 'All included players are not subscribed' ] }
Response:
{ id: '',
  recipients: 0,
  errors: [ 'All included players are not subscribed' ] }
Response:
{ id: '',
  recipients: 0,
  errors: [ 'All included players are not subscribed' ] }
Response:
{ id: 'd6001363-de92-4eec-ac87-ae5754fb0d2b', recipients: 1 }
Response:
{ id: '',
  recipients: 0,
  errors: [ 'All included players are not subscribed' ] }
Response:
{ id: '',
  recipients: 0,
  errors: [ 'All included players are not subscribed' ] }
Response:
{ id: '',
  recipients: 0,
  errors: [ 'All included players are not subscribed' ] }
Response:
{ id: '',
  recipients: 0,
  errors: [ 'All included players are not subscribed' ] }
Response:
{ id: '',
  recipients: 0,
  errors: [ 'All included players are not subscribed' ] }
Response:
{ id: '',
  recipients: 0,
  errors: [ 'All included players are not subscribed' ] }
Response:
{ id: '',
  recipients: 0,
  errors: [ 'All included players are not subscribed' ] }
Response:
{ id: '',
  recipients: 0,
  errors: [ 'All included players are not subscribed' ] }
Response:
{ id: '',
  recipients: 0,
  errors: [ 'All included players are not subscribed' ] }
Response:
{ id: '',
  recipients: 0,
  errors: [ 'All included players are not subscribed' ] }
Response:
{ id: '',
  recipients: 0,
  errors: [ 'All included players are not subscribed' ] }
Response:
{ id: '',
  recipients: 0,
  errors: [ 'All included players are not subscribed' ] }
Response:
{ id: '',
  recipients: 0,
  errors: [ 'All included players are not subscribed' ] }
Response:
{ id: '',
  recipients: 0,
  errors: [ 'All included players are not subscribed' ] }
Response:
{ id: '',
  recipients: 0,
  errors: [ 'All included players are not subscribed' ] }
Response:
{ id: '',
  recipients: 0,
  errors: [ 'All included players are not subscribed' ] }
Response:
{ id: '',
  recipients: 0,
  errors: [ 'All included players are not subscribed' ] }
Response:
{ id: '',
  recipients: 0,
  errors: [ 'All included players are not subscribed' ] }
Response:
{ id: '',
  recipients: 0,
  errors: [ 'All included players are not subscribed' ] }
Response:
{ id: '',
  recipients: 0,
  errors: [ 'All included players are not subscribed' ] }
Response:
{ id: '',
  recipients: 0,
  errors: [ 'All included players are not subscribed' ] }
Response:
{ id: '',
  recipients: 0,
  errors: [ 'All included players are not subscribed' ] }
Response:
{ id: '',
  recipients: 0,
  errors: [ 'All included players are not subscribed' ] }
Response:
{ id: '',
  recipients: 0,
  errors: [ 'All included players are not subscribed' ] }
Response:
{ id: '',
  recipients: 0,
  errors: [ 'All included players are not subscribed' ] }
Response:
{ id: '',
  recipients: 0,
  errors: [ 'All included players are not subscribed' ] }
Response:
{ id: '',
  recipients: 0,
  errors: [ 'All included players are not subscribed' ] }
Response:
{ id: '',
  recipients: 0,
  errors: [ 'All included players are not subscribed' ] }
Response:
{ id: '',
  recipients: 0,
  errors: [ 'All included players are not subscribed' ] }
Response:
{ id: '',
  recipients: 0,
  errors: [ 'All included players are not subscribed' ] }
Response:
{ id: '',
  recipients: 0,
  errors: [ 'All included players are not subscribed' ] }
Response:
{ id: '',
  recipients: 0,
  errors: [ 'All included players are not subscribed' ] }
Response:
{ id: '',
  recipients: 0,
  errors: [ 'All included players are not subscribed' ] }
Response:
{ id: '',
  recipients: 0,
  errors: [ 'All included players are not subscribed' ] }
Response:
{ id: '',
  recipients: 0,
  errors: [ 'All included players are not subscribed' ] }
Response:
{ id: '',
  recipients: 0,
  errors: [ 'All included players are not subscribed' ] }
Response:
{ id: '',
  recipients: 0,
  errors: [ 'All included players are not subscribed' ] }
Response:
{ id: '',
  recipients: 0,
  errors: [ 'All included players are not subscribed' ] }
Response:
{ id: '',
  recipients: 0,
  errors: [ 'All included players are not subscribed' ] }
Response:
{ id: '',
  recipients: 0,
  errors: [ 'All included players are not subscribed' ] }
Response:
{ id: '',
  recipients: 0,
  errors: [ 'All included players are not subscribed' ] }
Response:
{ id: '',
  recipients: 0,
  errors: [ 'All included players are not subscribed' ] }
Response:
{ id: '',
  recipients: 0,
  errors: [ 'All included players are not subscribed' ] }
Response:
{ id: '',
  recipients: 0,
  errors: [ 'All included players are not subscribed' ] }
Response:
{ id: '',
  recipients: 0,
  errors: [ 'All included players are not subscribed' ] }
Response:
{ id: '',
  recipients: 0,
  errors: [ 'All included players are not subscribed' ] }
Response:
{ id: '',
  recipients: 0,
  errors: [ 'All included players are not subscribed' ] }
Response:
{ id: '',
  recipients: 0,
  errors: [ 'All included players are not subscribed' ] }
Response:
{ id: '',
  recipients: 0,
  errors: [ 'All included players are not subscribed' ] }
Response:
{ id: '',
  recipients: 0,
  errors: [ 'All included players are not subscribed' ] }
Response:
{ id: '',
  recipients: 0,
  errors: [ 'All included players are not subscribed' ] }
Response:
{ id: '',
  recipients: 0,
  errors: [ 'All included players are not subscribed' ] }
Response:
{ id: '',
  recipients: 0,
  errors: [ 'All included players are not subscribed' ] }
Response:
{ id: '',
  recipients: 0,
  errors: [ 'All included players are not subscribed' ] }
Response:
{ id: '',
  recipients: 0,
  errors: [ 'All included players are not subscribed' ] }
Response:
{ id: '',
  recipients: 0,
  errors: [ 'All included players are not subscribed' ] }
Response:
{ id: '',
  recipients: 0,
  errors: [ 'All included players are not subscribed' ] }
Response:
{ id: '',
  recipients: 0,
  errors: [ 'All included players are not subscribed' ] }
Response:
{ id: '',
  recipients: 0,
  errors: [ 'All included players are not subscribed' ] }
Response:
{ id: '',
  recipients: 0,
  errors: [ 'All included players are not subscribed' ] }
Response:
{ id: '',
  recipients: 0,
  errors: [ 'All included players are not subscribed' ] }
Response:
{ id: '',
  recipients: 0,
  errors: [ 'All included players are not subscribed' ] }
Response:
{ id: '',
  recipients: 0,
  errors: [ 'All included players are not subscribed' ] }
Response:
{ id: '',
  recipients: 0,
  errors: [ 'All included players are not subscribed' ] }
Response:
{ id: '',
  recipients: 0,
  errors: [ 'All included players are not subscribed' ] }
Response:
{ id: '',
  recipients: 0,
  errors: [ 'All included players are not subscribed' ] }
Response:
{ id: '',
  recipients: 0,
  errors: [ 'All included players are not subscribed' ] }
Response:
{ id: '',
  recipients: 0,
  errors: [ 'All included players are not subscribed' ] }
Response:
{ id: '',
  recipients: 0,
  errors: [ 'All included players are not subscribed' ] }
Response:
{ id: '',
  recipients: 0,
  errors: [ 'All included players are not subscribed' ] }
Response:
{ id: '',
  recipients: 0,
  errors: [ 'All included players are not subscribed' ] }
Response:
{ id: '',
  recipients: 0,
  errors: [ 'All included players are not subscribed' ] }
Response:
{ id: '',
  recipients: 0,
  errors: [ 'All included players are not subscribed' ] }
Response:
{ id: '',
  recipients: 0,
  errors: [ 'All included players are not subscribed' ] }
Response:
{ id: '',
  recipients: 0,
  errors: [ 'All included players are not subscribed' ] }
Response:
{ id: '',
  recipients: 0,
  errors: [ 'All included players are not subscribed' ] }
Response:
{ id: '',
  recipients: 0,
  errors: [ 'All included players are not subscribed' ] }
Response:
{ id: '',
  recipients: 0,
  errors: [ 'All included players are not subscribed' ] }
Response:
{ id: '',
  recipients: 0,
  errors: [ 'All included players are not subscribed' ] }
Response:
{ id: '',
  recipients: 0,
  errors: [ 'All included players are not subscribed' ] }
Response:
{ id: '',
  recipients: 0,
  errors: [ 'All included players are not subscribed' ] }
Response:
{ id: '5c1e1edd-59e4-47b6-91e5-f4ac153c6fe3', recipients: 1 }
Response:
{ id: '',
  recipients: 0,
  errors: [ 'All included players are not subscribed' ] }
Response:
{ id: 'd2a5b4dc-1d93-4d68-901c-5d841147f859', recipients: 1 }
Response:
{ id: '',
  recipients: 0,
  errors: [ 'All included players are not subscribed' ] }
Response:
{ id: '',
  recipients: 0,
  errors: [ 'All included players are not subscribed' ] }
Response:
{ id: '',
  recipients: 0,
  errors: [ 'All included players are not subscribed' ] }
Response:
{ id: '',
  recipients: 0,
  errors: [ 'All included players are not subscribed' ] }
Response:
{ id: '',
  recipients: 0,
  errors: [ 'All included players are not subscribed' ] }
Response:
{ id: '',
  recipients: 0,
  errors: [ 'All included players are not subscribed' ] }
Response:
{ id: '7a356f42-f03a-41f2-a963-6b0d474d843c', recipients: 1 }
Response:
{ id: '',
  recipients: 0,
  errors: [ 'All included players are not subscribed' ] }
Response:
{ id: '',
  recipients: 0,
  errors: [ 'All included players are not subscribed' ] }
Response:
{ id: '',
  recipients: 0,
  errors: [ 'All included players are not subscribed' ] }
Response:
{ id: '',
  recipients: 0,
  errors: [ 'All included players are not subscribed' ] }
Response:
{ id: '',
  recipients: 0,
  errors: [ 'All included players are not subscribed' ] }
Response:
{ id: '',
  recipients: 0,
  errors: [ 'All included players are not subscribed' ] }
Response:
{ id: '',
  recipients: 0,
  errors: [ 'All included players are not subscribed' ] }
Response:
{ id: '',
  recipients: 0,
  errors: [ 'All included players are not subscribed' ] }
Response:
{ id: '',
  recipients: 0,
  errors: [ 'All included players are not subscribed' ] }
Response:
{ id: '28beed5f-a235-4e5b-8935-ce810f26e23d', recipients: 1 }
Response:
{ id: '',
  recipients: 0,
  errors: [ 'All included players are not subscribed' ] }
Response:
{ id: '4eb130ef-1bdc-4cc4-a348-5dfc89d33f99', recipients: 1 }
Response:
{ id: '',
  recipients: 0,
  errors: [ 'All included players are not subscribed' ] }
Response:
{ id: '',
  recipients: 0,
  errors: [ 'All included players are not subscribed' ] }
Response:
{ id: '',
  recipients: 0,
  errors: [ 'All included players are not subscribed' ] }
Response:
{ id: '',
  recipients: 0,
  errors: [ 'All included players are not subscribed' ] }
Response:
{ id: '',
  recipients: 0,
  errors: [ 'All included players are not subscribed' ] }
Response:
{ id: '',
  recipients: 0,
  errors: [ 'All included players are not subscribed' ] }
Response:
{ id: 'b67edcaa-120c-4eb5-be27-d25d692248ec', recipients: 1 }
Response:
{ id: '7405ec78-a593-49a3-8085-f91ddf1b19e4', recipients: 1 }
Response:
{ id: '487ae80a-b1e5-46f1-91af-104f0cc9441e', recipients: 1 }
Response:
{ id: 'b7c4baa5-1cfe-468f-a7e1-0b0a01657772', recipients: 1 }
Response:
{ id: '23e3f79e-dfcd-4c41-9ada-7d3d4eec8849', recipients: 1 }
Response:
{ id: 'abd68420-99f7-4d2d-971c-0e5923250480', recipients: 1 }
Response:
{ id: '',
  recipients: 0,
  errors: [ 'All included players are not subscribed' ] }
Response:
{ id: '',
  recipients: 0,
  errors: [ 'All included players are not subscribed' ] }
Response:
{ id: '',
  recipients: 0,
  errors: [ 'All included players are not subscribed' ] }
Response:
{ id: '',
  recipients: 0,
  errors: [ 'All included players are not subscribed' ] }
Response:
{ id: '',
  recipients: 0,
  errors: [ 'All included players are not subscribed' ] }
Response:
{ id: '',
  recipients: 0,
  errors: [ 'All included players are not subscribed' ] }
Response:
{ id: '',
  recipients: 0,
  errors: [ 'All included players are not subscribed' ] }
Response:
{ id: '',
  recipients: 0,
  errors: [ 'All included players are not subscribed' ] }
Listening on Port 3000
Response:
{ id: '',
  recipients: 0,
  errors: [ 'All included players are not subscribed' ] }
Response:
{ id: '',
  recipients: 0,
  errors: [ 'All included players are not subscribed' ] }
Response:
{ id: '',
  recipients: 0,
  errors: [ 'All included players are not subscribed' ] }
Response:
{ id: '',
  recipients: 0,
  errors: [ 'All included players are not subscribed' ] }
Response:
{ id: '',
  recipients: 0,
  errors: [ 'All included players are not subscribed' ] }
Response:
{ id: '',
  recipients: 0,
  errors: [ 'All included players are not subscribed' ] }
Response:
{ id: '',
  recipients: 0,
  errors: [ 'All included players are not subscribed' ] }
Response:
{ id: '',
  recipients: 0,
  errors: [ 'All included players are not subscribed' ] }
Response:
{ id: '',
  recipients: 0,
  errors: [ 'All included players are not subscribed' ] }
Listening on Port 3000
Response:
{ id: '',
  recipients: 0,
  errors: [ 'All included players are not subscribed' ] }
Response:
{ id: '',
  recipients: 0,
  errors: [ 'All included players are not subscribed' ] }
Listening on Port 3000
Response:
{ id: '',
  recipients: 0,
  errors: [ 'All included players are not subscribed' ] }
Response:
{ id: 'eeda621a-855b-4090-981b-615aa3b79bc3', recipients: 1 }
Response:
{ id: '',
  recipients: 0,
  errors: [ 'All included players are not subscribed' ] }
Response:
{ id: '5bb33fe2-7060-452b-8e76-43b20e73c71c', recipients: 1 }
Response:
{ id: '',
  recipients: 0,
  errors: [ 'All included players are not subscribed' ] }
Response:
{ id: '3ea77d46-594c-4a7d-89ef-f1888eefe535', recipients: 1 }
Response:
{ id: '',
  recipients: 0,
  errors: [ 'All included players are not subscribed' ] }
Response:
{ id: '5ad3caba-96b5-440a-be33-87ec072ff9b0', recipients: 1 }
Response:
{ id: '',
  recipients: 0,
  errors: [ 'All included players are not subscribed' ] }
Response:
{ id: '',
  recipients: 0,
  errors: [ 'All included players are not subscribed' ] }
Listening on Port 3000
Listening on Port 3000
Listening on Port 3000
Response:
{ id: '',
  recipients: 0,
  errors: [ 'All included players are not subscribed' ] }
Response:
{ id: '',
  recipients: 0,
  errors: [ 'All included players are not subscribed' ] }
Response:
{ id: '',
  recipients: 0,
  errors: [ 'All included players are not subscribed' ] }
Response:
{ id: '',
  recipients: 0,
  errors: [ 'All included players are not subscribed' ] }
Listening on Port 3000
Response:
{ id: '57a4bf1b-1593-453f-a312-277679e881f9', recipients: 1 }
Response:
{ id: '44f6e928-b138-4e04-8a17-75b9c94936f1', recipients: 1 }
Response:
{ id: '',
  recipients: 0,
  errors: [ 'All included players are not subscribed' ] }
Response:
{ id: '',
  recipients: 0,
  errors: [ 'All included players are not subscribed' ] }
Response:
{ id: '',
  recipients: 0,
  errors: [ 'All included players are not subscribed' ] }
Response:
{ id: '',
  recipients: 0,
  errors: [ 'All included players are not subscribed' ] }
Response:
{ id: '',
  recipients: 0,
  errors: [ 'All included players are not subscribed' ] }
Response:
{ id: '',
  recipients: 0,
  errors: [ 'All included players are not subscribed' ] }
Response:
{ id: '',
  recipients: 0,
  errors: [ 'All included players are not subscribed' ] }
Response:
{ id: '',
  recipients: 0,
  errors: [ 'All included players are not subscribed' ] }
Response:
{ id: '',
  recipients: 0,
  errors: [ 'All included players are not subscribed' ] }
Response:
{ id: '2f75f178-b15a-4afe-9d2d-2a7b969bdbc7', recipients: 1 }
Response:
{ id: '',
  recipients: 0,
  errors: [ 'All included players are not subscribed' ] }
Response:
{ id: '',
  recipients: 0,
  errors: [ 'All included players are not subscribed' ] }
Response:
{ id: '',
  recipients: 0,
  errors: [ 'All included players are not subscribed' ] }
Response:
{ id: '',
  recipients: 0,
  errors: [ 'All included players are not subscribed' ] }
Response:
{ id: '',
  recipients: 0,
  errors: [ 'All included players are not subscribed' ] }
Response:
{ id: '',
  recipients: 0,
  errors: [ 'All included players are not subscribed' ] }
Response:
{ id: '',
  recipients: 0,
  errors: [ 'All included players are not subscribed' ] }
Response:
{ id: '353ec3e1-28cb-46ba-bc08-9d7f347be0f2', recipients: 1 }
Response:
{ id: '',
  recipients: 0,
  errors: [ 'All included players are not subscribed' ] }
Response:
{ id: '',
  recipients: 0,
  errors: [ 'All included players are not subscribed' ] }
Response:
{ id: '',
  recipients: 0,
  errors: [ 'All included players are not subscribed' ] }
Response:
{ id: '',
  recipients: 0,
  errors: [ 'All included players are not subscribed' ] }
Response:
{ id: '',
  recipients: 0,
  errors: [ 'All included players are not subscribed' ] }
Response:
{ id: '',
  recipients: 0,
  errors: [ 'All included players are not subscribed' ] }
Response:
{ id: '',
  recipients: 0,
  errors: [ 'All included players are not subscribed' ] }
Response:
{ id: '',
  recipients: 0,
  errors: [ 'All included players are not subscribed' ] }
Response:
{ id: '',
  recipients: 0,
  errors: [ 'All included players are not subscribed' ] }
Response:
{ id: '',
  recipients: 0,
  errors: [ 'All included players are not subscribed' ] }
Response:
{ id: '',
  recipients: 0,
  errors: [ 'All included players are not subscribed' ] }
Response:
{ id: '',
  recipients: 0,
  errors: [ 'All included players are not subscribed' ] }
Response:
{ id: '',
  recipients: 0,
  errors: [ 'All included players are not subscribed' ] }
Response:
{ id: '',
  recipients: 0,
  errors: [ 'All included players are not subscribed' ] }
Response:
{ id: '',
  recipients: 0,
  errors: [ 'All included players are not subscribed' ] }
Response:
{ id: '',
  recipients: 0,
  errors: [ 'All included players are not subscribed' ] }
Response:
{ id: '',
  recipients: 0,
  errors: [ 'All included players are not subscribed' ] }
Response:
{ id: '',
  recipients: 0,
  errors: [ 'All included players are not subscribed' ] }
Response:
{ id: '',
  recipients: 0,
  errors: [ 'All included players are not subscribed' ] }
Response:
{ id: '',
  recipients: 0,
  errors: [ 'All included players are not subscribed' ] }
Response:
{ id: '',
  recipients: 0,
  errors: [ 'All included players are not subscribed' ] }
Response:
{ id: '',
  recipients: 0,
  errors: [ 'All included players are not subscribed' ] }
Response:
{ id: '',
  recipients: 0,
  errors: [ 'All included players are not subscribed' ] }
Response:
{ id: '',
  recipients: 0,
  errors: [ 'All included players are not subscribed' ] }
Response:
{ id: '',
  recipients: 0,
  errors: [ 'All included players are not subscribed' ] }
Response:
{ id: '',
  recipients: 0,
  errors: [ 'All included players are not subscribed' ] }
Response:
{ id: '',
  recipients: 0,
  errors: [ 'All included players are not subscribed' ] }
Response:
{ id: '',
  recipients: 0,
  errors: [ 'All included players are not subscribed' ] }
Response:
{ id: '',
  recipients: 0,
  errors: [ 'All included players are not subscribed' ] }
Response:
{ id: '',
  recipients: 0,
  errors: [ 'All included players are not subscribed' ] }
Response:
{ id: '',
  recipients: 0,
  errors: [ 'All included players are not subscribed' ] }
Response:
{ id: '',
  recipients: 0,
  errors: [ 'All included players are not subscribed' ] }
Response:
{ id: '',
  recipients: 0,
  errors: [ 'All included players are not subscribed' ] }
Response:
{ id: '',
  recipients: 0,
  errors: [ 'All included players are not subscribed' ] }
Response:
{ id: '',
  recipients: 0,
  errors: [ 'All included players are not subscribed' ] }
Response:
{ id: '',
  recipients: 0,
  errors: [ 'All included players are not subscribed' ] }
Response:
{ id: '',
  recipients: 0,
  errors: [ 'All included players are not subscribed' ] }
Response:
{ id: '',
  recipients: 0,
  errors: [ 'All included players are not subscribed' ] }
Response:
{ id: '',
  recipients: 0,
  errors: [ 'All included players are not subscribed' ] }
Response:
{ id: '',
  recipients: 0,
  errors: [ 'All included players are not subscribed' ] }
Response:
{ id: '',
  recipients: 0,
  errors: [ 'All included players are not subscribed' ] }
Response:
{ id: '',
  recipients: 0,
  errors: [ 'All included players are not subscribed' ] }
Response:
{ id: '',
  recipients: 0,
  errors: [ 'All included players are not subscribed' ] }
Response:
{ id: '',
  recipients: 0,
  errors: [ 'All included players are not subscribed' ] }
Response:
{ id: '',
  recipients: 0,
  errors: [ 'All included players are not subscribed' ] }
Response:
{ id: '',
  recipients: 0,
  errors: [ 'All included players are not subscribed' ] }
Response:
{ id: '',
  recipients: 0,
  errors: [ 'All included players are not subscribed' ] }
Response:
{ id: '',
  recipients: 0,
  errors: [ 'All included players are not subscribed' ] }
Response:
{ id: '',
  recipients: 0,
  errors: [ 'All included players are not subscribed' ] }
Response:
{ id: '',
  recipients: 0,
  errors: [ 'All included players are not subscribed' ] }
Response:
{ id: '',
  recipients: 0,
  errors: [ 'All included players are not subscribed' ] }
Response:
{ id: '',
  recipients: 0,
  errors: [ 'All included players are not subscribed' ] }
Response:
{ id: '',
  recipients: 0,
  errors: [ 'All included players are not subscribed' ] }
Response:
{ id: '',
  recipients: 0,
  errors: [ 'All included players are not subscribed' ] }
Response:
{ id: '',
  recipients: 0,
  errors: [ 'All included players are not subscribed' ] }
Response:
{ id: '',
  recipients: 0,
  errors: [ 'All included players are not subscribed' ] }
Response:
{ id: '',
  recipients: 0,
  errors: [ 'All included players are not subscribed' ] }
Response:
{ id: '',
  recipients: 0,
  errors: [ 'All included players are not subscribed' ] }
Response:
{ id: '',
  recipients: 0,
  errors: [ 'All included players are not subscribed' ] }
Response:
{ id: '',
  recipients: 0,
  errors: [ 'All included players are not subscribed' ] }
Response:
{ id: '',
  recipients: 0,
  errors: [ 'All included players are not subscribed' ] }
Response:
{ id: '',
  recipients: 0,
  errors: [ 'All included players are not subscribed' ] }
Response:
{ id: '',
  recipients: 0,
  errors: [ 'All included players are not subscribed' ] }
Response:
{ id: '',
  recipients: 0,
  errors: [ 'All included players are not subscribed' ] }
Response:
{ id: '',
  recipients: 0,
  errors: [ 'All included players are not subscribed' ] }
Response:
{ id: '',
  recipients: 0,
  errors: [ 'All included players are not subscribed' ] }
Response:
{ id: '',
  recipients: 0,
  errors: [ 'All included players are not subscribed' ] }
Response:
{ id: '',
  recipients: 0,
  errors: [ 'All included players are not subscribed' ] }
Response:
{ id: '',
  recipients: 0,
  errors: [ 'All included players are not subscribed' ] }
Response:
{ id: '',
  recipients: 0,
  errors: [ 'All included players are not subscribed' ] }
Response:
{ id: '',
  recipients: 0,
  errors: [ 'All included players are not subscribed' ] }
Response:
{ id: '',
  recipients: 0,
  errors: [ 'All included players are not subscribed' ] }
Response:
{ id: '',
  recipients: 0,
  errors: [ 'All included players are not subscribed' ] }
Response:
{ id: '',
  recipients: 0,
  errors: [ 'All included players are not subscribed' ] }
Response:
{ id: '',
  recipients: 0,
  errors: [ 'All included players are not subscribed' ] }
Response:
{ id: '',
  recipients: 0,
  errors: [ 'All included players are not subscribed' ] }
Response:
{ id: '',
  recipients: 0,
  errors: [ 'All included players are not subscribed' ] }
Response:
{ id: '',
  recipients: 0,
  errors: [ 'All included players are not subscribed' ] }
Response:
{ id: '',
  recipients: 0,
  errors: [ 'All included players are not subscribed' ] }
Response:
{ id: '',
  recipients: 0,
  errors: [ 'All included players are not subscribed' ] }
Response:
{ id: '',
  recipients: 0,
  errors: [ 'All included players are not subscribed' ] }
Response:
{ id: '',
  recipients: 0,
  errors: [ 'All included players are not subscribed' ] }
Listening on Port 3000
Response:
{ id: '',
  recipients: 0,
  errors: [ 'All included players are not subscribed' ] }
Response:
{ id: '',
  recipients: 0,
  errors: [ 'All included players are not subscribed' ] }
Response:
{ id: '',
  recipients: 0,
  errors: [ 'All included players are not subscribed' ] }
Response:
{ id: '',
  recipients: 0,
  errors: [ 'All included players are not subscribed' ] }
Response:
{ id: '',
  recipients: 0,
  errors: [ 'All included players are not subscribed' ] }
Response:
{ id: '',
  recipients: 0,
  errors: [ 'All included players are not subscribed' ] }
Listening on Port 3000
Response:
{ id: '',
  recipients: 0,
  errors: [ 'All included players are not subscribed' ] }
Response:
{ id: '',
  recipients: 0,
  errors: [ 'All included players are not subscribed' ] }
Response:
{ id: '',
  recipients: 0,
  errors: [ 'All included players are not subscribed' ] }
Response:
{ id: '',
  recipients: 0,
  errors: [ 'All included players are not subscribed' ] }
Response:
{ id: '',
  recipients: 0,
  errors: [ 'All included players are not subscribed' ] }
Response:
{ id: '',
  recipients: 0,
  errors: [ 'All included players are not subscribed' ] }
Response:
{ id: '',
  recipients: 0,
  errors: [ 'All included players are not subscribed' ] }
Response:
{ id: '56896679-2e23-4c2b-8819-e08ecce2ecd9', recipients: 1 }
Response:
{ id: '',
  recipients: 0,
  errors: [ 'All included players are not subscribed' ] }
Response:
{ id: '',
  recipients: 0,
  errors: [ 'All included players are not subscribed' ] }
Response:
{ id: '',
  recipients: 0,
  errors: [ 'All included players are not subscribed' ] }
Response:
{ id: '',
  recipients: 0,
  errors: [ 'All included players are not subscribed' ] }
Response:
{ id: '',
  recipients: 0,
  errors: [ 'All included players are not subscribed' ] }
Response:
{ id: '',
  recipients: 0,
  errors: [ 'All included players are not subscribed' ] }
Response:
{ id: '',
  recipients: 0,
  errors: [ 'All included players are not subscribed' ] }
Response:
{ id: '',
  recipients: 0,
  errors: [ 'All included players are not subscribed' ] }
Response:
{ id: '',
  recipients: 0,
  errors: [ 'All included players are not subscribed' ] }
Response:
{ id: '',
  recipients: 0,
  errors: [ 'All included players are not subscribed' ] }
Response:
{ id: '',
  recipients: 0,
  errors: [ 'All included players are not subscribed' ] }
Response:
{ id: '',
  recipients: 0,
  errors: [ 'All included players are not subscribed' ] }
Response:
{ id: '',
  recipients: 0,
  errors: [ 'All included players are not subscribed' ] }
Response:
{ id: '',
  recipients: 0,
  errors: [ 'All included players are not subscribed' ] }
Response:
{ id: '',
  recipients: 0,
  errors: [ 'All included players are not subscribed' ] }
Response:
{ id: '',
  recipients: 0,
  errors: [ 'All included players are not subscribed' ] }
Response:
{ id: '',
  recipients: 0,
  errors: [ 'All included players are not subscribed' ] }
Response:
{ id: '',
  recipients: 0,
  errors: [ 'All included players are not subscribed' ] }
Response:
{ id: '',
  recipients: 0,
  errors: [ 'All included players are not subscribed' ] }
Response:
{ id: '',
  recipients: 0,
  errors: [ 'All included players are not subscribed' ] }
Response:
{ id: '',
  recipients: 0,
  errors: [ 'All included players are not subscribed' ] }
Response:
{ id: '',
  recipients: 0,
  errors: [ 'All included players are not subscribed' ] }
Response:
{ id: '',
  recipients: 0,
  errors: [ 'All included players are not subscribed' ] }
Response:
{ id: '',
  recipients: 0,
  errors: [ 'All included players are not subscribed' ] }
Response:
{ id: '',
  recipients: 0,
  errors: [ 'All included players are not subscribed' ] }
Response:
{ id: 'a5d0e2d3-f747-425b-903d-fa48a9843558', recipients: 1 }
Response:
{ id: '',
  recipients: 0,
  errors: [ 'All included players are not subscribed' ] }
Response:
{ id: '',
  recipients: 0,
  errors: [ 'All included players are not subscribed' ] }
Response:
{ id: '',
  recipients: 0,
  errors: [ 'All included players are not subscribed' ] }
Response:
{ id: '',
  recipients: 0,
  errors: [ 'All included players are not subscribed' ] }
Response:
{ id: '',
  recipients: 0,
  errors: [ 'All included players are not subscribed' ] }
Response:
{ id: '',
  recipients: 0,
  errors: [ 'All included players are not subscribed' ] }
Response:
{ id: '',
  recipients: 0,
  errors: [ 'All included players are not subscribed' ] }
Response:
{ id: '',
  recipients: 0,
  errors: [ 'All included players are not subscribed' ] }
Response:
{ id: '',
  recipients: 0,
  errors: [ 'All included players are not subscribed' ] }
Response:
{ id: '',
  recipients: 0,
  errors: [ 'All included players are not subscribed' ] }
Response:
{ id: '',
  recipients: 0,
  errors: [ 'All included players are not subscribed' ] }
Response:
{ id: '',
  recipients: 0,
  errors: [ 'All included players are not subscribed' ] }
Response:
{ id: '',
  recipients: 0,
  errors: [ 'All included players are not subscribed' ] }
Response:
{ id: '',
  recipients: 0,
  errors: [ 'All included players are not subscribed' ] }
Response:
{ id: '',
  recipients: 0,
  errors: [ 'All included players are not subscribed' ] }
Response:
{ id: '',
  recipients: 0,
  errors: [ 'All included players are not subscribed' ] }
Response:
{ id: '',
  recipients: 0,
  errors: [ 'All included players are not subscribed' ] }
Response:
{ id: '',
  recipients: 0,
  errors: [ 'All included players are not subscribed' ] }
Response:
{ id: '',
  recipients: 0,
  errors: [ 'All included players are not subscribed' ] }
Response:
{ id: '',
  recipients: 0,
  errors: [ 'All included players are not subscribed' ] }
Response:
{ id: '',
  recipients: 0,
  errors: [ 'All included players are not subscribed' ] }
Response:
{ id: '',
  recipients: 0,
  errors: [ 'All included players are not subscribed' ] }
Response:
{ id: '',
  recipients: 0,
  errors: [ 'All included players are not subscribed' ] }
Response:
{ id: '',
  recipients: 0,
  errors: [ 'All included players are not subscribed' ] }
Response:
{ id: '',
  recipients: 0,
  errors: [ 'All included players are not subscribed' ] }
Response:
{ id: '',
  recipients: 0,
  errors: [ 'All included players are not subscribed' ] }
Response:
{ id: '',
  recipients: 0,
  errors: [ 'All included players are not subscribed' ] }
Response:
{ id: '',
  recipients: 0,
  errors: [ 'All included players are not subscribed' ] }
Response:
{ id: '',
  recipients: 0,
  errors: [ 'All included players are not subscribed' ] }
Response:
{ id: '',
  recipients: 0,
  errors: [ 'All included players are not subscribed' ] }
Response:
{ id: '',
  recipients: 0,
  errors: [ 'All included players are not subscribed' ] }
Response:
{ id: '',
  recipients: 0,
  errors: [ 'All included players are not subscribed' ] }
Response:
{ id: '',
  recipients: 0,
  errors: [ 'All included players are not subscribed' ] }
Response:
{ id: '',
  recipients: 0,
  errors: [ 'All included players are not subscribed' ] }
Response:
{ id: '',
  recipients: 0,
  errors: [ 'All included players are not subscribed' ] }
Response:
{ id: '',
  recipients: 0,
  errors: [ 'All included players are not subscribed' ] }
Response:
{ id: '',
  recipients: 0,
  errors: [ 'All included players are not subscribed' ] }
Response:
{ id: '',
  recipients: 0,
  errors: [ 'All included players are not subscribed' ] }
Response:
{ id: '',
  recipients: 0,
  errors: [ 'All included players are not subscribed' ] }
Response:
{ id: '35793508-5325-4a4b-99ba-8f5b62410849', recipients: 1 }
Response:
{ id: '',
  recipients: 0,
  errors: [ 'All included players are not subscribed' ] }
Response:
{ id: '',
  recipients: 0,
  errors: [ 'All included players are not subscribed' ] }
Response:
{ id: '',
  recipients: 0,
  errors: [ 'All included players are not subscribed' ] }
Response:
{ id: '',
  recipients: 0,
  errors: [ 'All included players are not subscribed' ] }
Response:
{ id: '',
  recipients: 0,
  errors: [ 'All included players are not subscribed' ] }
Response:
{ id: '',
  recipients: 0,
  errors: [ 'All included players are not subscribed' ] }
Response:
{ id: '',
  recipients: 0,
  errors: [ 'All included players are not subscribed' ] }
Response:
{ id: '',
  recipients: 0,
  errors: [ 'All included players are not subscribed' ] }
Response:
{ id: '',
  recipients: 0,
  errors: [ 'All included players are not subscribed' ] }
Response:
{ id: '',
  recipients: 0,
  errors: [ 'All included players are not subscribed' ] }
Response:
{ id: '',
  recipients: 0,
  errors: [ 'All included players are not subscribed' ] }
Response:
{ id: '',
  recipients: 0,
  errors: [ 'All included players are not subscribed' ] }
Response:
{ id: '',
  recipients: 0,
  errors: [ 'All included players are not subscribed' ] }
Response:
{ id: '',
  recipients: 0,
  errors: [ 'All included players are not subscribed' ] }
Response:
{ id: '',
  recipients: 0,
  errors: [ 'All included players are not subscribed' ] }
Response:
{ id: '',
  recipients: 0,
  errors: [ 'All included players are not subscribed' ] }
Response:
{ id: '',
  recipients: 0,
  errors: [ 'All included players are not subscribed' ] }
Response:
{ id: '',
  recipients: 0,
  errors: [ 'All included players are not subscribed' ] }
Response:
{ id: '',
  recipients: 0,
  errors: [ 'All included players are not subscribed' ] }
Response:
{ id: '',
  recipients: 0,
  errors: [ 'All included players are not subscribed' ] }
Listening on Port 3000
Response:
{ id: '',
  recipients: 0,
  errors: [ 'All included players are not subscribed' ] }
Response:
{ id: '',
  recipients: 0,
  errors: [ 'All included players are not subscribed' ] }
Response:
{ id: '',
  recipients: 0,
  errors: [ 'All included players are not subscribed' ] }
Response:
{ id: '',
  recipients: 0,
  errors: [ 'All included players are not subscribed' ] }
Response:
{ id: '',
  recipients: 0,
  errors: [ 'All included players are not subscribed' ] }
Response:
{ id: '',
  recipients: 0,
  errors: [ 'All included players are not subscribed' ] }
Response:
{ id: '',
  recipients: 0,
  errors: [ 'All included players are not subscribed' ] }
Response:
{ id: '',
  recipients: 0,
  errors: [ 'All included players are not subscribed' ] }
Response:
{ id: '',
  recipients: 0,
  errors: [ 'All included players are not subscribed' ] }
Response:
{ id: '',
  recipients: 0,
  errors: [ 'All included players are not subscribed' ] }
Response:
{ id: '',
  recipients: 0,
  errors: [ 'All included players are not subscribed' ] }
Response:
{ id: '',
  recipients: 0,
  errors: [ 'All included players are not subscribed' ] }
Response:
{ id: '',
  recipients: 0,
  errors: [ 'All included players are not subscribed' ] }
Response:
{ id: '',
  recipients: 0,
  errors: [ 'All included players are not subscribed' ] }
Response:
{ id: '',
  recipients: 0,
  errors: [ 'All included players are not subscribed' ] }
Response:
{ id: '',
  recipients: 0,
  errors: [ 'All included players are not subscribed' ] }
Response:
{ id: '',
  recipients: 0,
  errors: [ 'All included players are not subscribed' ] }
Response:
{ id: '',
  recipients: 0,
  errors: [ 'All included players are not subscribed' ] }
Response:
{ id: '',
  recipients: 0,
  errors: [ 'All included players are not subscribed' ] }
Response:
{ id: '',
  recipients: 0,
  errors: [ 'All included players are not subscribed' ] }
Response:
{ id: '',
  recipients: 0,
  errors: [ 'All included players are not subscribed' ] }
Response:
{ id: '',
  recipients: 0,
  errors: [ 'All included players are not subscribed' ] }
Response:
{ id: '',
  recipients: 0,
  errors: [ 'All included players are not subscribed' ] }
Response:
{ id: '',
  recipients: 0,
  errors: [ 'All included players are not subscribed' ] }
Response:
{ id: '',
  recipients: 0,
  errors: [ 'All included players are not subscribed' ] }
Response:
{ id: '',
  recipients: 0,
  errors: [ 'All included players are not subscribed' ] }
Response:
{ id: '',
  recipients: 0,
  errors: [ 'All included players are not subscribed' ] }
Response:
{ id: '',
  recipients: 0,
  errors: [ 'All included players are not subscribed' ] }
Response:
{ id: '',
  recipients: 0,
  errors: [ 'All included players are not subscribed' ] }
Response:
{ id: '',
  recipients: 0,
  errors: [ 'All included players are not subscribed' ] }
Response:
{ id: '',
  recipients: 0,
  errors: [ 'All included players are not subscribed' ] }
Response:
{ id: '',
  recipients: 0,
  errors: [ 'All included players are not subscribed' ] }
Response:
{ id: '',
  recipients: 0,
  errors: [ 'All included players are not subscribed' ] }
Response:
{ id: '',
  recipients: 0,
  errors: [ 'All included players are not subscribed' ] }
Response:
{ id: '',
  recipients: 0,
  errors: [ 'All included players are not subscribed' ] }
Response:
{ id: '',
  recipients: 0,
  errors: [ 'All included players are not subscribed' ] }
Response:
{ id: '',
  recipients: 0,
  errors: [ 'All included players are not subscribed' ] }
Response:
{ id: '',
  recipients: 0,
  errors: [ 'All included players are not subscribed' ] }
Response:
{ id: '',
  recipients: 0,
  errors: [ 'All included players are not subscribed' ] }
Response:
{ id: '',
  recipients: 0,
  errors: [ 'All included players are not subscribed' ] }
Response:
{ id: '',
  recipients: 0,
  errors: [ 'All included players are not subscribed' ] }
Response:
{ id: '',
  recipients: 0,
  errors: [ 'All included players are not subscribed' ] }
Response:
{ id: '',
  recipients: 0,
  errors: [ 'All included players are not subscribed' ] }
Response:
{ id: '',
  recipients: 0,
  errors: [ 'All included players are not subscribed' ] }
Response:
{ id: '',
  recipients: 0,
  errors: [ 'All included players are not subscribed' ] }
Response:
{ id: '',
  recipients: 0,
  errors: [ 'All included players are not subscribed' ] }
Response:
{ id: '',
  recipients: 0,
  errors: [ 'All included players are not subscribed' ] }
Response:
{ id: '',
  recipients: 0,
  errors: [ 'All included players are not subscribed' ] }
Response:
{ id: '',
  recipients: 0,
  errors: [ 'All included players are not subscribed' ] }
Response:
{ id: '',
  recipients: 0,
  errors: [ 'All included players are not subscribed' ] }
Response:
{ id: '',
  recipients: 0,
  errors: [ 'All included players are not subscribed' ] }
Response:
{ id: '',
  recipients: 0,
  errors: [ 'All included players are not subscribed' ] }
Response:
{ id: '',
  recipients: 0,
  errors: [ 'All included players are not subscribed' ] }
Response:
{ id: '',
  recipients: 0,
  errors: [ 'All included players are not subscribed' ] }
Response:
{ id: '',
  recipients: 0,
  errors: [ 'All included players are not subscribed' ] }
Response:
{ id: '',
  recipients: 0,
  errors: [ 'All included players are not subscribed' ] }
Response:
{ id: '5818b525-4bdb-422b-acdf-8ace640ef87d', recipients: 1 }
Response:
{ id: '',
  recipients: 0,
  errors: [ 'All included players are not subscribed' ] }
Response:
{ id: '',
  recipients: 0,
  errors: [ 'All included players are not subscribed' ] }
Response:
{ id: '',
  recipients: 0,
  errors: [ 'All included players are not subscribed' ] }
Response:
{ id: '',
  recipients: 0,
  errors: [ 'All included players are not subscribed' ] }
Response:
{ id: '',
  recipients: 0,
  errors: [ 'All included players are not subscribed' ] }
Response:
{ id: '',
  recipients: 0,
  errors: [ 'All included players are not subscribed' ] }
Response:
{ id: '',
  recipients: 0,
  errors: [ 'All included players are not subscribed' ] }
Response:
{ id: '',
  recipients: 0,
  errors: [ 'All included players are not subscribed' ] }
Response:
{ id: '',
  recipients: 0,
  errors: [ 'All included players are not subscribed' ] }
Response:
{ id: '',
  recipients: 0,
  errors: [ 'All included players are not subscribed' ] }
Response:
{ id: '',
  recipients: 0,
  errors: [ 'All included players are not subscribed' ] }
Response:
{ id: '',
  recipients: 0,
  errors: [ 'All included players are not subscribed' ] }
Response:
{ id: '',
  recipients: 0,
  errors: [ 'All included players are not subscribed' ] }
Listening on Port 3000
Listening on Port undefined
Listening on Port undefined
Listening on Port undefined
Listening on Port undefined
Listening on Port undefined
Listening on Port undefined
Listening on Port undefined
Listening on Port undefined
Listening on Port undefined
Listening on Port undefined
Listening on Port undefined
Listening on Port undefined
Listening on Port undefined
Listening on Port undefined
Listening on Port undefined
Listening on Port undefined
Listening on Port undefined
Listening on Port undefined
Listening on Port undefined
Listening on Port undefined
Listening on Port undefined
Listening on Port undefined
Listening on Port undefined
Listening on Port undefined
Listening on Port undefined
Listening on Port undefined
Listening on Port undefined
Listening on Port undefined
Listening on Port undefined
Listening on Port undefined
Listening on Port undefined
Listening on Port undefined
Listening on Port undefined
Listening on Port undefined
Listening on Port undefined
Listening on Port undefined
Listening on Port 3000
Listening on Port 3000
Listening on Port 3000
Listening on Port 3000
Response:
{ errors: [ 'app_id not found. You may be missing a Content-Type: application/json header.' ] }
Response:
{ errors: [ 'app_id not found. You may be missing a Content-Type: application/json header.' ] }
Response:
{ errors: [ 'app_id not found. You may be missing a Content-Type: application/json header.' ] }
Response:
{ errors: [ 'app_id not found. You may be missing a Content-Type: application/json header.' ] }
Response:
{ errors: [ 'app_id not found. You may be missing a Content-Type: application/json header.' ] }
Response:
{ errors: [ 'app_id not found. You may be missing a Content-Type: application/json header.' ] }
Response:
{ errors: [ 'app_id not found. You may be missing a Content-Type: application/json header.' ] }
Response:
{ errors: [ 'app_id not found. You may be missing a Content-Type: application/json header.' ] }
Listening on Port 3000
Listening on Port 3000
Response:
{ errors: [ 'app_id not found. You may be missing a Content-Type: application/json header.' ] }
Response:
{ errors: [ 'app_id not found. You may be missing a Content-Type: application/json header.' ] }
Response:
{ errors: [ 'app_id not found. You may be missing a Content-Type: application/json header.' ] }
Response:
{ errors: [ 'app_id not found. You may be missing a Content-Type: application/json header.' ] }
Listening on Port 3000
Response:
{ errors: [ 'app_id not found. You may be missing a Content-Type: application/json header.' ] }
Response:
{ errors: [ 'app_id not found. You may be missing a Content-Type: application/json header.' ] }
Response:
{ errors: [ 'app_id not found. You may be missing a Content-Type: application/json header.' ] }
Response:
{ errors: [ 'app_id not found. You may be missing a Content-Type: application/json header.' ] }
Listening on Port 3000
Listening on Port 3000
Listening on Port 3000
Listening on Port 3000
Listening on Port 3000
Listening on Port 3000
Listening on Port 3000
Listening on Port 3000
Listening on Port 3000
Listening on Port 3000
Listening on Port 3000
